c:\projects\war3\war3_my_platforms2\warcis_client\pvpgn_launchah\release\pelib.pdb
c:\projects\war3\war3_my_platforms2\warcis_client\pvpgn_launchah\pelib\release\resourcedirectory.obj
c:\projects\war3\war3_my_platforms2\warcis_client\pvpgn_launchah\pelib\release\relocationsdirectory.obj
c:\projects\war3\war3_my_platforms2\warcis_client\pvpgn_launchah\pelib\release\pelibaux.obj
c:\projects\war3\war3_my_platforms2\warcis_client\pvpgn_launchah\pelib\release\peheader.obj
c:\projects\war3\war3_my_platforms2\warcis_client\pvpgn_launchah\pelib\release\pefile.obj
c:\projects\war3\war3_my_platforms2\warcis_client\pvpgn_launchah\pelib\release\mzheader.obj
c:\projects\war3\war3_my_platforms2\warcis_client\pvpgn_launchah\pelib\release\iatdirectory.obj
c:\projects\war3\war3_my_platforms2\warcis_client\pvpgn_launchah\pelib\release\exportdirectory.obj
c:\projects\war3\war3_my_platforms2\warcis_client\pvpgn_launchah\pelib\release\debugdirectory.obj
c:\projects\war3\war3_my_platforms2\warcis_client\pvpgn_launchah\pelib\release\comheaderdirectory.obj
c:\projects\war3\war3_my_platforms2\warcis_client\pvpgn_launchah\pelib\release\outputbuffer.obj
c:\projects\war3\war3_my_platforms2\warcis_client\pvpgn_launchah\pelib\release\inputbuffer.obj
c:\projects\war3\war3_my_platforms2\warcis_client\pvpgn_launchah\pelib\release\boundimportdirectory.obj
c:\projects\war3\war3_my_platforms2\warcis_client\pvpgn_launchah\release\pelib.lib
c:\projects\war3\war3_my_platforms2\warcis_client\pvpgn_launchah\pelib\release\pelib.tlog\cl.command.1.tlog
c:\projects\war3\war3_my_platforms2\warcis_client\pvpgn_launchah\pelib\release\pelib.tlog\cl.items.tlog
c:\projects\war3\war3_my_platforms2\warcis_client\pvpgn_launchah\pelib\release\pelib.tlog\cl.read.1.tlog
c:\projects\war3\war3_my_platforms2\warcis_client\pvpgn_launchah\pelib\release\pelib.tlog\cl.write.1.tlog
c:\projects\war3\war3_my_platforms2\warcis_client\pvpgn_launchah\pelib\release\pelib.tlog\lib-link.read.1.tlog
c:\projects\war3\war3_my_platforms2\warcis_client\pvpgn_launchah\pelib\release\pelib.tlog\lib-link.write.1.tlog
c:\projects\war3\war3_my_platforms2\warcis_client\pvpgn_launchah\pelib\release\pelib.tlog\lib.command.1.tlog
