c:\projects\war3\war3_my_platforms2\warcis_client[done_99%]\pvpgn_launchah\antihack\release\dotampbarhelper.obj
c:\projects\war3\war3_my_platforms2\warcis_client[done_99%]\pvpgn_launchah\antihack\release\warcraftframehelper.obj
c:\projects\war3\war3_my_platforms2\warcis_client[done_99%]\pvpgn_launchah\antihack\release\commandpacket.obj
c:\projects\war3\war3_my_platforms2\warcis_client[done_99%]\pvpgn_launchah\antihack\release\spammmm.obj
c:\projects\war3\war3_my_platforms2\warcis_client[done_99%]\pvpgn_launchah\antihack\release\storm.obj
c:\projects\war3\war3_my_platforms2\warcis_client[done_99%]\pvpgn_launchah\antihack\release\source.obj
c:\projects\war3\war3_my_platforms2\warcis_client[done_99%]\pvpgn_launchah\antihack\release\crc32.obj
c:\projects\war3\war3_my_platforms2\warcis_client[done_99%]\pvpgn_launchah\antihack\release\gameprotocol.obj
c:\projects\war3\war3_my_platforms2\warcis_client[done_99%]\pvpgn_launchah\antihack\release\quantizer.obj
c:\projects\war3\war3_my_platforms2\warcis_client[done_99%]\pvpgn_launchah\antihack\release\gpsprotocol.obj
c:\projects\war3\war3_my_platforms2\warcis_client[done_99%]\pvpgn_launchah\antihack\release\checkfilesign.obj
c:\projects\war3\war3_my_platforms2\warcis_client[done_99%]\pvpgn_launchah\antihack\release\newjassnatives.obj
c:\projects\war3\war3_my_platforms2\warcis_client[done_99%]\pvpgn_launchah\antihack\release\simplecrash.obj
c:\projects\war3\war3_my_platforms2\warcis_client[done_99%]\pvpgn_launchah\antihack\release\customfeatures.obj
c:\projects\war3\war3_my_platforms2\warcis_client[done_99%]\pvpgn_launchah\antihack\release\warcis_reconnector.obj
c:\projects\war3\war3_my_platforms2\warcis_client[done_99%]\pvpgn_launchah\antihack\release\chathelper.obj
c:\projects\war3\war3_my_platforms2\warcis_client[done_99%]\pvpgn_launchah\antihack\release\unitanditem.obj
c:\projects\war3\war3_my_platforms2\warcis_client[done_99%]\pvpgn_launchah\antihack\release\util.obj
c:\projects\war3\war3_my_platforms2\warcis_client[done_99%]\pvpgn_launchah\antihack\release\blpreadwrite.obj
c:\projects\war3\war3_my_platforms2\warcis_client[done_99%]\pvpgn_launchah\antihack\release\voiceclient.obj
c:\projects\war3\war3_my_platforms2\warcis_client[done_99%]\pvpgn_launchah\antihack\release\antihack.obj
c:\projects\war3\war3_my_platforms2\warcis_client[done_99%]\pvpgn_launchah\antihack\release\socket.obj
c:\projects\war3\war3_my_platforms2\warcis_client[done_99%]\pvpgn_launchah\antihack\release\vc143.pdb
c:\projects\war3\war3_my_platforms2\warcis_client[done_99%]\pvpgn_launchah\antihack\release\xxhash.obj
c:\projects\war3\war3_my_platforms2\warcis_client[done_99%]\pvpgn_launchah\antihack\release\tga_reader.obj
c:\projects\war3\war3_my_platforms2\warcis_client[done_99%]\pvpgn_launchah\antihack\release\bcrypt.obj
c:\projects\war3\war3_my_platforms2\warcis_client[done_99%]\pvpgn_launchah\antihack\release\amh.tlog\cl.10328.write.1.tlog
c:\projects\war3\war3_my_platforms2\warcis_client[done_99%]\pvpgn_launchah\antihack\release\amh.tlog\cl.command.1.tlog
c:\projects\war3\war3_my_platforms2\warcis_client[done_99%]\pvpgn_launchah\antihack\release\amh.tlog\cl.read.1.tlog
c:\projects\war3\war3_my_platforms2\warcis_client[done_99%]\pvpgn_launchah\antihack\release\amh.tlog\link.command.1.tlog
c:\projects\war3\war3_my_platforms2\warcis_client[done_99%]\pvpgn_launchah\antihack\release\amh.tlog\link.read.1.tlog
c:\projects\war3\war3_my_platforms2\warcis_client[done_99%]\pvpgn_launchah\antihack\release\amh.tlog\link.write.1.tlog
