LINK : warning C4743: "const std::ios_base::failure::`vftable'" имеет различный размер в "c:\projects\war3\war3_my_platforms2\warcis_client[done_99%]\pvpgn_launchah\pelib\exportdirectory.cpp" и "c:\projects\war3\war3_my_platforms2\warcis_client[done_99%]\pvpgn_launchah\antihack\antihack.cpp": 12 и 16 байт
LINK : warning C4743: "const std::system_error::`vftable'" имеет различный размер в "c:\projects\war3\war3_my_platforms2\warcis_client[done_99%]\pvpgn_launchah\pelib\exportdirectory.cpp" и "c:\projects\war3\war3_my_platforms2\warcis_client[done_99%]\pvpgn_launchah\antihack\antihack.cpp": 12 и 16 байт
LINK : warning C4743: "const std::_System_error::`vftable'" имеет различный размер в "c:\projects\war3\war3_my_platforms2\warcis_client[done_99%]\pvpgn_launchah\pelib\exportdirectory.cpp" и "c:\projects\war3\war3_my_platforms2\warcis_client[done_99%]\pvpgn_launchah\antihack\antihack.cpp": 12 и 16 байт
LINK : warning C4743: "const std::runtime_error::`vftable'" имеет различный размер в "c:\projects\war3\war3_my_platforms2\warcis_client[done_99%]\pvpgn_launchah\pelib\exportdirectory.cpp" и "c:\projects\war3\war3_my_platforms2\warcis_client[done_99%]\pvpgn_launchah\antihack\antihack.cpp": 12 и 16 байт
LINK : warning C4743: "const std::ios_base::failure::`vftable'" имеет различный размер в "c:\projects\war3\war3_my_platforms2\warcis_client[done_99%]\pvpgn_launchah\pelib\pelibaux.cpp" и "c:\projects\war3\war3_my_platforms2\warcis_client[done_99%]\pvpgn_launchah\antihack\antihack.cpp": 12 и 16 байт
LINK : warning C4743: "const std::system_error::`vftable'" имеет различный размер в "c:\projects\war3\war3_my_platforms2\warcis_client[done_99%]\pvpgn_launchah\pelib\pelibaux.cpp" и "c:\projects\war3\war3_my_platforms2\warcis_client[done_99%]\pvpgn_launchah\antihack\antihack.cpp": 12 и 16 байт
LINK : warning C4743: "const std::_System_error::`vftable'" имеет различный размер в "c:\projects\war3\war3_my_platforms2\warcis_client[done_99%]\pvpgn_launchah\pelib\pelibaux.cpp" и "c:\projects\war3\war3_my_platforms2\warcis_client[done_99%]\pvpgn_launchah\antihack\antihack.cpp": 12 и 16 байт
LINK : warning C4743: "const std::runtime_error::`vftable'" имеет различный размер в "c:\projects\war3\war3_my_platforms2\warcis_client[done_99%]\pvpgn_launchah\pelib\pelibaux.cpp" и "c:\projects\war3\war3_my_platforms2\warcis_client[done_99%]\pvpgn_launchah\antihack\antihack.cpp": 12 и 16 байт
LINK : warning C4743: "const std::ios_base::failure::`vftable'" имеет различный размер в "c:\projects\war3\war3_my_platforms2\warcis_client[done_99%]\pvpgn_launchah\pelib\pefile.cpp" и "c:\projects\war3\war3_my_platforms2\warcis_client[done_99%]\pvpgn_launchah\antihack\antihack.cpp": 12 и 16 байт
LINK : warning C4743: "const std::system_error::`vftable'" имеет различный размер в "c:\projects\war3\war3_my_platforms2\warcis_client[done_99%]\pvpgn_launchah\pelib\pefile.cpp" и "c:\projects\war3\war3_my_platforms2\warcis_client[done_99%]\pvpgn_launchah\antihack\antihack.cpp": 12 и 16 байт
LINK : warning C4743: "const std::_System_error::`vftable'" имеет различный размер в "c:\projects\war3\war3_my_platforms2\warcis_client[done_99%]\pvpgn_launchah\pelib\pefile.cpp" и "c:\projects\war3\war3_my_platforms2\warcis_client[done_99%]\pvpgn_launchah\antihack\antihack.cpp": 12 и 16 байт
LINK : warning C4743: "const std::runtime_error::`vftable'" имеет различный размер в "c:\projects\war3\war3_my_platforms2\warcis_client[done_99%]\pvpgn_launchah\pelib\pefile.cpp" и "c:\projects\war3\war3_my_platforms2\warcis_client[done_99%]\pvpgn_launchah\antihack\antihack.cpp": 12 и 16 байт
LINK : warning C4743: "const std::ios_base::failure::`vftable'" имеет различный размер в "c:\projects\war3\war3_my_platforms2\warcis_client[done_99%]\pvpgn_launchah\pelib\debugdirectory.cpp" и "c:\projects\war3\war3_my_platforms2\warcis_client[done_99%]\pvpgn_launchah\antihack\antihack.cpp": 12 и 16 байт
LINK : warning C4743: "const std::system_error::`vftable'" имеет различный размер в "c:\projects\war3\war3_my_platforms2\warcis_client[done_99%]\pvpgn_launchah\pelib\debugdirectory.cpp" и "c:\projects\war3\war3_my_platforms2\warcis_client[done_99%]\pvpgn_launchah\antihack\antihack.cpp": 12 и 16 байт
LINK : warning C4743: "const std::_System_error::`vftable'" имеет различный размер в "c:\projects\war3\war3_my_platforms2\warcis_client[done_99%]\pvpgn_launchah\pelib\debugdirectory.cpp" и "c:\projects\war3\war3_my_platforms2\warcis_client[done_99%]\pvpgn_launchah\antihack\antihack.cpp": 12 и 16 байт
LINK : warning C4743: "const std::runtime_error::`vftable'" имеет различный размер в "c:\projects\war3\war3_my_platforms2\warcis_client[done_99%]\pvpgn_launchah\pelib\debugdirectory.cpp" и "c:\projects\war3\war3_my_platforms2\warcis_client[done_99%]\pvpgn_launchah\antihack\antihack.cpp": 12 и 16 байт
LINK : warning C4743: "const std::ios_base::failure::`vftable'" имеет различный размер в "c:\projects\war3\war3_my_platforms2\warcis_client[done_99%]\pvpgn_launchah\pelib\relocationsdirectory.cpp" и "c:\projects\war3\war3_my_platforms2\warcis_client[done_99%]\pvpgn_launchah\antihack\antihack.cpp": 12 и 16 байт
LINK : warning C4743: "const std::system_error::`vftable'" имеет различный размер в "c:\projects\war3\war3_my_platforms2\warcis_client[done_99%]\pvpgn_launchah\pelib\relocationsdirectory.cpp" и "c:\projects\war3\war3_my_platforms2\warcis_client[done_99%]\pvpgn_launchah\antihack\antihack.cpp": 12 и 16 байт
LINK : warning C4743: "const std::_System_error::`vftable'" имеет различный размер в "c:\projects\war3\war3_my_platforms2\warcis_client[done_99%]\pvpgn_launchah\pelib\relocationsdirectory.cpp" и "c:\projects\war3\war3_my_platforms2\warcis_client[done_99%]\pvpgn_launchah\antihack\antihack.cpp": 12 и 16 байт
LINK : warning C4743: "const std::runtime_error::`vftable'" имеет различный размер в "c:\projects\war3\war3_my_platforms2\warcis_client[done_99%]\pvpgn_launchah\pelib\relocationsdirectory.cpp" и "c:\projects\war3\war3_my_platforms2\warcis_client[done_99%]\pvpgn_launchah\antihack\antihack.cpp": 12 и 16 байт
LINK : warning C4743: "const std::ios_base::failure::`vftable'" имеет различный размер в "c:\projects\war3\war3_my_platforms2\warcis_client[done_99%]\pvpgn_launchah\pelib\comheaderdirectory.cpp" и "c:\projects\war3\war3_my_platforms2\warcis_client[done_99%]\pvpgn_launchah\antihack\antihack.cpp": 12 и 16 байт
LINK : warning C4743: "const std::system_error::`vftable'" имеет различный размер в "c:\projects\war3\war3_my_platforms2\warcis_client[done_99%]\pvpgn_launchah\pelib\comheaderdirectory.cpp" и "c:\projects\war3\war3_my_platforms2\warcis_client[done_99%]\pvpgn_launchah\antihack\antihack.cpp": 12 и 16 байт
LINK : warning C4743: "const std::_System_error::`vftable'" имеет различный размер в "c:\projects\war3\war3_my_platforms2\warcis_client[done_99%]\pvpgn_launchah\pelib\comheaderdirectory.cpp" и "c:\projects\war3\war3_my_platforms2\warcis_client[done_99%]\pvpgn_launchah\antihack\antihack.cpp": 12 и 16 байт
LINK : warning C4743: "const std::runtime_error::`vftable'" имеет различный размер в "c:\projects\war3\war3_my_platforms2\warcis_client[done_99%]\pvpgn_launchah\pelib\comheaderdirectory.cpp" и "c:\projects\war3\war3_my_platforms2\warcis_client[done_99%]\pvpgn_launchah\antihack\antihack.cpp": 12 и 16 байт
LINK : warning C4743: "const std::ios_base::failure::`vftable'" имеет различный размер в "c:\projects\war3\war3_my_platforms2\warcis_client[done_99%]\pvpgn_launchah\pelib\boundimportdirectory.cpp" и "c:\projects\war3\war3_my_platforms2\warcis_client[done_99%]\pvpgn_launchah\antihack\antihack.cpp": 12 и 16 байт
LINK : warning C4743: "const std::system_error::`vftable'" имеет различный размер в "c:\projects\war3\war3_my_platforms2\warcis_client[done_99%]\pvpgn_launchah\pelib\boundimportdirectory.cpp" и "c:\projects\war3\war3_my_platforms2\warcis_client[done_99%]\pvpgn_launchah\antihack\antihack.cpp": 12 и 16 байт
LINK : warning C4743: "const std::_System_error::`vftable'" имеет различный размер в "c:\projects\war3\war3_my_platforms2\warcis_client[done_99%]\pvpgn_launchah\pelib\boundimportdirectory.cpp" и "c:\projects\war3\war3_my_platforms2\warcis_client[done_99%]\pvpgn_launchah\antihack\antihack.cpp": 12 и 16 байт
LINK : warning C4743: "const std::runtime_error::`vftable'" имеет различный размер в "c:\projects\war3\war3_my_platforms2\warcis_client[done_99%]\pvpgn_launchah\pelib\boundimportdirectory.cpp" и "c:\projects\war3\war3_my_platforms2\warcis_client[done_99%]\pvpgn_launchah\antihack\antihack.cpp": 12 и 16 байт
LINK : warning C4743: "const std::ios_base::failure::`vftable'" имеет различный размер в "c:\projects\war3\war3_my_platforms2\warcis_client[done_99%]\pvpgn_launchah\pelib\mzheader.cpp" и "c:\projects\war3\war3_my_platforms2\warcis_client[done_99%]\pvpgn_launchah\antihack\antihack.cpp": 12 и 16 байт
LINK : warning C4743: "const std::system_error::`vftable'" имеет различный размер в "c:\projects\war3\war3_my_platforms2\warcis_client[done_99%]\pvpgn_launchah\pelib\mzheader.cpp" и "c:\projects\war3\war3_my_platforms2\warcis_client[done_99%]\pvpgn_launchah\antihack\antihack.cpp": 12 и 16 байт
LINK : warning C4743: "const std::_System_error::`vftable'" имеет различный размер в "c:\projects\war3\war3_my_platforms2\warcis_client[done_99%]\pvpgn_launchah\pelib\mzheader.cpp" и "c:\projects\war3\war3_my_platforms2\warcis_client[done_99%]\pvpgn_launchah\antihack\antihack.cpp": 12 и 16 байт
LINK : warning C4743: "const std::runtime_error::`vftable'" имеет различный размер в "c:\projects\war3\war3_my_platforms2\warcis_client[done_99%]\pvpgn_launchah\pelib\mzheader.cpp" и "c:\projects\war3\war3_my_platforms2\warcis_client[done_99%]\pvpgn_launchah\antihack\antihack.cpp": 12 и 16 байт
LINK : warning C4743: "const std::ios_base::failure::`vftable'" имеет различный размер в "c:\projects\war3\war3_my_platforms2\warcis_client[done_99%]\pvpgn_launchah\pelib\resourcedirectory.cpp" и "c:\projects\war3\war3_my_platforms2\warcis_client[done_99%]\pvpgn_launchah\antihack\antihack.cpp": 12 и 16 байт
LINK : warning C4743: "const std::system_error::`vftable'" имеет различный размер в "c:\projects\war3\war3_my_platforms2\warcis_client[done_99%]\pvpgn_launchah\pelib\resourcedirectory.cpp" и "c:\projects\war3\war3_my_platforms2\warcis_client[done_99%]\pvpgn_launchah\antihack\antihack.cpp": 12 и 16 байт
LINK : warning C4743: "const std::_System_error::`vftable'" имеет различный размер в "c:\projects\war3\war3_my_platforms2\warcis_client[done_99%]\pvpgn_launchah\pelib\resourcedirectory.cpp" и "c:\projects\war3\war3_my_platforms2\warcis_client[done_99%]\pvpgn_launchah\antihack\antihack.cpp": 12 и 16 байт
LINK : warning C4743: "const std::runtime_error::`vftable'" имеет различный размер в "c:\projects\war3\war3_my_platforms2\warcis_client[done_99%]\pvpgn_launchah\pelib\resourcedirectory.cpp" и "c:\projects\war3\war3_my_platforms2\warcis_client[done_99%]\pvpgn_launchah\antihack\antihack.cpp": 12 и 16 байт
LINK : warning C4743: "const std::ios_base::failure::`vftable'" имеет различный размер в "c:\projects\war3\war3_my_platforms2\warcis_client[done_99%]\pvpgn_launchah\pelib\iatdirectory.cpp" и "c:\projects\war3\war3_my_platforms2\warcis_client[done_99%]\pvpgn_launchah\antihack\antihack.cpp": 12 и 16 байт
LINK : warning C4743: "const std::system_error::`vftable'" имеет различный размер в "c:\projects\war3\war3_my_platforms2\warcis_client[done_99%]\pvpgn_launchah\pelib\iatdirectory.cpp" и "c:\projects\war3\war3_my_platforms2\warcis_client[done_99%]\pvpgn_launchah\antihack\antihack.cpp": 12 и 16 байт
LINK : warning C4743: "const std::_System_error::`vftable'" имеет различный размер в "c:\projects\war3\war3_my_platforms2\warcis_client[done_99%]\pvpgn_launchah\pelib\iatdirectory.cpp" и "c:\projects\war3\war3_my_platforms2\warcis_client[done_99%]\pvpgn_launchah\antihack\antihack.cpp": 12 и 16 байт
LINK : warning C4743: "const std::runtime_error::`vftable'" имеет различный размер в "c:\projects\war3\war3_my_platforms2\warcis_client[done_99%]\pvpgn_launchah\pelib\iatdirectory.cpp" и "c:\projects\war3\war3_my_platforms2\warcis_client[done_99%]\pvpgn_launchah\antihack\antihack.cpp": 12 и 16 байт
     Создается библиотека C:\Projects\WAR3\war3_my_platforms2\WARCIS_CLIENT[DONE_99%]\PvPGN_LaunchAH\Release\AMH.lib и объект C:\Projects\WAR3\war3_my_platforms2\WARCIS_CLIENT[DONE_99%]\PvPGN_LaunchAH\Release\AMH.exp
  Создание кода
  Создание кода завершено
  AntiHack.vcxproj -> C:\Projects\WAR3\war3_my_platforms2\WARCIS_CLIENT[DONE_99%]\PvPGN_LaunchAH\Release\AMH.dll
