c:\users\karaulov\downloads\portaudio-master\msvc\win32\release\portaudio.pdb
c:\users\karaulov\downloads\portaudio-master\msvc\win32\release\pa_win_version.obj
c:\users\karaulov\downloads\portaudio-master\msvc\win32\release\pa_win_util.obj
c:\users\karaulov\downloads\portaudio-master\msvc\win32\release\pa_win_hostapis.obj
c:\users\karaulov\downloads\portaudio-master\msvc\win32\release\pa_win_coinitialize.obj
c:\users\karaulov\downloads\portaudio-master\msvc\win32\release\pa_win_wmme.obj
c:\users\karaulov\downloads\portaudio-master\msvc\win32\release\pa_win_wdmks.obj
c:\users\karaulov\downloads\portaudio-master\msvc\win32\release\pa_win_wasapi.obj
c:\users\karaulov\downloads\portaudio-master\msvc\win32\release\pa_hostapi_skeleton.obj
c:\users\karaulov\downloads\portaudio-master\msvc\win32\release\pa_win_ds_dynlink.obj
c:\users\karaulov\downloads\portaudio-master\msvc\win32\release\pa_win_ds.obj
c:\users\karaulov\downloads\portaudio-master\msvc\win32\release\pa_trace.obj
c:\users\karaulov\downloads\portaudio-master\msvc\win32\release\pa_stream.obj
c:\users\karaulov\downloads\portaudio-master\msvc\win32\release\pa_ringbuffer.obj
c:\users\karaulov\downloads\portaudio-master\msvc\win32\release\pa_process.obj
c:\users\karaulov\downloads\portaudio-master\msvc\win32\release\pa_front.obj
c:\users\karaulov\downloads\portaudio-master\msvc\win32\release\pa_dither.obj
c:\users\karaulov\downloads\portaudio-master\msvc\win32\release\pa_debugprint.obj
c:\users\karaulov\downloads\portaudio-master\msvc\win32\release\pa_cpuload.obj
c:\users\karaulov\downloads\portaudio-master\msvc\win32\release\pa_converters.obj
c:\users\karaulov\downloads\portaudio-master\msvc\win32\release\pa_allocation.obj
c:\users\karaulov\downloads\portaudio-master\msvc\win32\release\pa_x86_plain_converters.obj
c:\users\karaulov\downloads\portaudio-master\msvc\win32\release\pa_win_wdmks_utils.obj
c:\users\karaulov\downloads\portaudio-master\msvc\win32\release\pa_win_waveformat.obj
c:\users\karaulov\downloads\portaudio-master\msvc\win32\release\portaudio.lib
c:\users\karaulov\downloads\portaudio-master\msvc\win32\release\portaudio.tlog\cl.command.1.tlog
c:\users\karaulov\downloads\portaudio-master\msvc\win32\release\portaudio.tlog\cl.items.tlog
c:\users\karaulov\downloads\portaudio-master\msvc\win32\release\portaudio.tlog\cl.read.1.tlog
c:\users\karaulov\downloads\portaudio-master\msvc\win32\release\portaudio.tlog\cl.write.1.tlog
c:\users\karaulov\downloads\portaudio-master\msvc\win32\release\portaudio.tlog\lib-link.read.1.tlog
c:\users\karaulov\downloads\portaudio-master\msvc\win32\release\portaudio.tlog\lib-link.write.1.tlog
c:\users\karaulov\downloads\portaudio-master\msvc\win32\release\portaudio.tlog\lib.command.1.tlog
