  bsha1.cpp
  cdkeydecoder.cpp
C:\Projects\WAR3\war3_my_platforms2\REBIRTH_CLIENT\Client\bncsutil\src\bncsutil\cdkeydecoder.cpp(144,5): warning C4996: 'strcpy': This function or variable may be unsafe. Consider using strcpy_s instead. To disable deprecation, use _CRT_SECURE_NO_WARNINGS. See online help for details.
C:\Projects\WAR3\war3_my_platforms2\REBIRTH_CLIENT\Client\bncsutil\src\bncsutil\cdkeydecoder.cpp(324,10): warning C4996: 'strcpy': This function or variable may be unsafe. Consider using strcpy_s instead. To disable deprecation, use _CRT_SECURE_NO_WARNINGS. See online help for details.
C:\Projects\WAR3\war3_my_platforms2\REBIRTH_CLIENT\Client\bncsutil\src\bncsutil\cdkeydecoder.cpp(359,5): warning C4996: 'sscanf': This function or variable may be unsafe. Consider using sscanf_s instead. To disable deprecation, use _CRT_SECURE_NO_WARNINGS. See online help for details.
C:\Projects\WAR3\war3_my_platforms2\REBIRTH_CLIENT\Client\bncsutil\src\bncsutil\cdkeydecoder.cpp(370,10): warning C4996: 'strcpy': This function or variable may be unsafe. Consider using strcpy_s instead. To disable deprecation, use _CRT_SECURE_NO_WARNINGS. See online help for details.
C:\Projects\WAR3\war3_my_platforms2\REBIRTH_CLIENT\Client\bncsutil\src\bncsutil\cdkeydecoder.cpp(435,5): warning C4996: 'sscanf': This function or variable may be unsafe. Consider using sscanf_s instead. To disable deprecation, use _CRT_SECURE_NO_WARNINGS. See online help for details.
  decodekey.cpp
  file.cpp
  libinfo.cpp
C:\Projects\WAR3\war3_my_platforms2\REBIRTH_CLIENT\Client\bncsutil\src\bncsutil\libinfo.cpp(52,20): warning C4996: 'sprintf': This function or variable may be unsafe. Consider using sprintf_s instead. To disable deprecation, use _CRT_SECURE_NO_WARNINGS. See online help for details.
  oldauth.cpp
  Создание кода...
  checkrevision.cpp
C:\Projects\WAR3\war3_my_platforms2\REBIRTH_CLIENT\Client\bncsutil\src\bncsutil\checkrevision.cpp(430,17): warning C4996: 'fopen': This function or variable may be unsafe. Consider using fopen_s instead. To disable deprecation, use _CRT_SECURE_NO_WARNINGS. See online help for details.
C:\Projects\WAR3\war3_my_platforms2\REBIRTH_CLIENT\Client\bncsutil\src\bncsutil\checkrevision.cpp(463,11): warning C4996: '_snprintf': This function or variable may be unsafe. Consider using _snprintf_s instead. To disable deprecation, use _CRT_SECURE_NO_WARNINGS. See online help for details.
  nls.c
C:\Projects\WAR3\war3_my_platforms2\REBIRTH_CLIENT\Client\bncsutil\src\bncsutil\gmp.h(2233,16): warning C4146: применение унарного минуса к типу без знака; результат оставлен без знака
C:\Projects\WAR3\war3_my_platforms2\REBIRTH_CLIENT\Client\bncsutil\src\bncsutil\nls.c(287,5): warning C4996: 'strcpy': This function or variable may be unsafe. Consider using strcpy_s instead. To disable deprecation, use _CRT_SECURE_NO_WARNINGS. See online help for details.
C:\Projects\WAR3\war3_my_platforms2\REBIRTH_CLIENT\Client\bncsutil\src\bncsutil\nls.c(298,5): warning C4996: 'strcpy': This function or variable may be unsafe. Consider using strcpy_s instead. To disable deprecation, use _CRT_SECURE_NO_WARNINGS. See online help for details.
  sha1.c
  stack.c
  Создание кода...
  BNCSutil.vcxproj -> C:\Projects\WAR3\war3_my_platforms2\REBIRTH_CLIENT\Client\bncsutil\BNCSutil.lib
