  Building Custom Rule C:/Projects/pvpgn-magic/source/src/tinycdb/CMakeLists.txt
  CMake is re-running because C:\Projects\pvpgn-magic\build\src\tinycdb\CMakeFiles\generate.stamp dependency file is missing.
  -- Building for: NMake Makefiles
  -- The CXX compiler identification is MSVC 19.36.32537.0
  -- Check for working CXX compiler: C:/Program Files/Microsoft Visual Studio/2022/Community/VC/Tools/MSVC/14.36.32532/bin/Hostx86/x86/cl.exe
  -- Check for working CXX compiler: C:/Program Files/Microsoft Visual Studio/2022/Community/VC/Tools/MSVC/14.36.32532/bin/Hostx86/x86/cl.exe -- works
  -- Detecting CXX compiler ABI info
  -- Detecting CXX compiler ABI info - done
  -- Detecting CXX compile features
  -- Detecting CXX compile features - done
  CMake Error at ConfigureChecks.cmake:4 (include):
    include could not find load file:
  
      DefineInstallationPaths
  Call Stack (most recent call first):
    CMakeLists.txt:30 (include)
  
  
  CMake Error at ConfigureChecks.cmake:10 (include):
    include could not find load file:
  
      CheckMkdirArgs
  Call Stack (most recent call first):
    CMakeLists.txt:30 (include)
  
  
  CMake Error at C:/Projects/pvpgn-magic/module/cmake/share/cmake-3.7/Modules/FindPackageHandleStandardArgs.cmake:138 (message):
    Could NOT find ZLIB (missing: ZLIB_LIBRARY ZLIB_INCLUDE_DIR)
  Call Stack (most recent call first):
    C:/Projects/pvpgn-magic/module/cmake/share/cmake-3.7/Modules/FindPackageHandleStandardArgs.cmake:378 (_FPHSA_FAILURE_MESSAGE)
    C:/Projects/pvpgn-magic/module/cmake/share/cmake-3.7/Modules/FindZLIB.cmake:114 (FIND_PACKAGE_HANDLE_STANDARD_ARGS)
    ConfigureChecks.cmake:33 (find_package)
    CMakeLists.txt:30 (include)
  
  
  -- Configuring incomplete, errors occurred!
  See also "C:/Projects/pvpgn-magic/build/CMakeFiles/CMakeOutput.log".
C:\Program Files\Microsoft Visual Studio\2022\Community\MSBuild\Microsoft\VC\v170\Microsoft.CppCommon.targets(248,5): error MSB8066: пользовательская сборка для "C:\Projects\pvpgn-magic\source\src\tinycdb\CMakeLists.txt" завершила работу с кодом 1.
