Sep 15 18:19:48 [info ] eventlog_startup: logging event levels: fatal,error,warn,info
Sep 15 18:19:48 [error] pvpgn::bnetd::InitHostBotList: [WHITELIST] added WarcisHostBot
Sep 15 18:19:48 [error] pvpgn::bnetd::InitCrcWhiteList: [CRCWHITELIST] added 3816578313
Sep 15 18:19:48 [info ] pvpgn_greeting: PvPGN 1.99.8.0.0-rc1-PRO process 13912
Sep 15 18:19:48 [info ] pvpgn_greeting: running on Windows 10 (10.0 Build 25290, x86)
Sep 15 18:19:48 [info ] pvpgn::bnetd::storage_init: initializing storage layer (available drivers: file, sql)
Sep 15 18:19:48 [info ] pvpgn::bnetd::storage_init: using file storage driver
Sep 15 18:19:48 [info ] pvpgn::FDWSelectBackend::FDWSelectBackend: fdwatch select() based layer initialized (max 8128 sockets)
Sep 15 18:19:48 [info ] pvpgn::bnetd::i18n_load: localization file loaded "conf\i18n/bgBG/common.xml"
Sep 15 18:19:48 [info ] pvpgn::bnetd::i18n_load: localization file loaded "conf\i18n/csCZ/common.xml"
Sep 15 18:19:48 [info ] pvpgn::bnetd::i18n_load: localization file loaded "conf\i18n/deDE/common.xml"
Sep 15 18:19:48 [info ] pvpgn::bnetd::i18n_load: localization file loaded "conf\i18n/esES/common.xml"
Sep 15 18:19:48 [info ] pvpgn::bnetd::i18n_load: localization file loaded "conf\i18n/frFR/common.xml"
Sep 15 18:19:48 [info ] pvpgn::bnetd::i18n_load: localization file loaded "conf\i18n/itIT/common.xml"
Sep 15 18:19:48 [info ] pvpgn::bnetd::i18n_load: localization file loaded "conf\i18n/jpJA/common.xml"
Sep 15 18:19:48 [info ] pvpgn::bnetd::i18n_load: localization file loaded "conf\i18n/koKR/common.xml"
Sep 15 18:19:48 [info ] pvpgn::bnetd::i18n_load: localization file loaded "conf\i18n/nlNL/common.xml"
Sep 15 18:19:48 [info ] pvpgn::bnetd::i18n_load: localization file loaded "conf\i18n/plPL/common.xml"
Sep 15 18:19:48 [info ] pvpgn::bnetd::i18n_load: localization file loaded "conf\i18n/ptBR/common.xml"
Sep 15 18:19:48 [info ] pvpgn::bnetd::i18n_load: localization file loaded "conf\i18n/ruRU/common.xml"
Sep 15 18:19:48 [info ] pvpgn::bnetd::i18n_load: localization file loaded "conf\i18n/svSE/common.xml"
Sep 15 18:19:48 [info ] pvpgn::bnetd::i18n_load: localization file loaded "conf\i18n/zhCN/common.xml"
Sep 15 18:19:48 [info ] pvpgn::bnetd::i18n_load: localization file loaded "conf\i18n/zhTW/common.xml"
Sep 15 18:19:48 [info ] pvpgn::bnetd::i18n_load: localization file loaded "conf\i18n/common.xml"
Sep 15 18:19:48 [info ] pvpgn::bnetd::server_set_hostname: set hostname to "WB2ITB0J"
Sep 15 18:19:48 [info ] pvpgn::bnetd::AdBanner::AdBanner: Created ad id=0x00000001 filename="ad000001.png" link="http://pvpgn.pro" client="W3XP" lang="NULL"
Sep 15 18:19:48 [info ] pvpgn::bnetd::AdBanner::AdBanner: Created ad id=0x00000002 filename="ad000002.mng" link="http://pvpgn.pro" client="W3XP" lang="NULL"
Sep 15 18:19:48 [info ] pvpgn::bnetd::AdBanner::AdBanner: Created ad id=0x00000003 filename="ad000001.smk" link="http://pvpgn.pro" client="NULL" lang="NULL"
Sep 15 18:19:48 [info ] pvpgn::bnetd::AdBanner::AdBanner: Created ad id=0x00000004 filename="ad000002.smk" link="http://pvpgn.pro" client="NULL" lang="NULL"
Sep 15 18:19:48 [info ] pvpgn::bnetd::load_versioncheck_conf: Successfully loaded 193 versioncheck entries in 27532 microseconds
Sep 15 18:19:48 [info ] pvpgn::bnetd::output_init: initializing output file
Sep 15 18:19:48 [info ] pvpgn::bnetd::accountlist_create: started creating accountlist
Sep 15 18:19:48 [info ] pvpgn::bnetd::accountlist_load_all: Successfully loaded 0 user accounts in 0 milliseconds
Sep 15 18:19:48 [info ] pvpgn::bnetd::ladder_createxptable: set war3 xpcalc maxleveldiff to 6
Sep 15 18:19:48 [info ] pvpgn::bnetd::LadderList::loadBinary: successfully loaded var\ladders/SEXP_AR_LADDER
Sep 15 18:19:48 [info ] pvpgn::bnetd::LadderList::loadBinary: successfully loaded var\ladders/SEXP_CR_LADDER
Sep 15 18:19:48 [info ] pvpgn::bnetd::LadderList::loadBinary: successfully loaded var\ladders/SEXP_AW_LADDER
Sep 15 18:19:48 [info ] pvpgn::bnetd::LadderList::loadBinary: successfully loaded var\ladders/SEXP_CW_LADDER
Sep 15 18:19:48 [info ] pvpgn::bnetd::LadderList::loadBinary: successfully loaded var\ladders/SEXP_AG_LADDER
Sep 15 18:19:48 [info ] pvpgn::bnetd::LadderList::loadBinary: successfully loaded var\ladders/SEXP_CG_LADDER
Sep 15 18:19:48 [info ] pvpgn::bnetd::LadderList::loadBinary: successfully loaded var\ladders/STAR_AR_LADDER
Sep 15 18:19:48 [info ] pvpgn::bnetd::LadderList::loadBinary: successfully loaded var\ladders/STAR_CR_LADDER
Sep 15 18:19:48 [info ] pvpgn::bnetd::LadderList::loadBinary: successfully loaded var\ladders/STAR_AW_LADDER
Sep 15 18:19:48 [info ] pvpgn::bnetd::LadderList::loadBinary: successfully loaded var\ladders/STAR_CW_LADDER
Sep 15 18:19:48 [info ] pvpgn::bnetd::LadderList::loadBinary: successfully loaded var\ladders/STAR_AG_LADDER
Sep 15 18:19:48 [info ] pvpgn::bnetd::LadderList::loadBinary: successfully loaded var\ladders/STAR_CG_LADDER
Sep 15 18:19:48 [info ] pvpgn::bnetd::LadderList::loadBinary: successfully loaded var\ladders/W2BN_AR_LADDER
Sep 15 18:19:48 [info ] pvpgn::bnetd::LadderList::loadBinary: successfully loaded var\ladders/W2BN_CR_LADDER
Sep 15 18:19:48 [info ] pvpgn::bnetd::LadderList::loadBinary: successfully loaded var\ladders/W2BN_AW_LADDER
Sep 15 18:19:48 [info ] pvpgn::bnetd::LadderList::loadBinary: successfully loaded var\ladders/W2BN_CW_LADDER
Sep 15 18:19:48 [info ] pvpgn::bnetd::LadderList::loadBinary: successfully loaded var\ladders/W2BN_AG_LADDER
Sep 15 18:19:48 [info ] pvpgn::bnetd::LadderList::loadBinary: successfully loaded var\ladders/W2BN_CG_LADDER
Sep 15 18:19:48 [info ] pvpgn::bnetd::LadderList::loadBinary: successfully loaded var\ladders/W2BN_ARI_LADDER
Sep 15 18:19:48 [info ] pvpgn::bnetd::LadderList::loadBinary: successfully loaded var\ladders/W2BN_CRI_LADDER
Sep 15 18:19:48 [info ] pvpgn::bnetd::LadderList::loadBinary: successfully loaded var\ladders/W2BN_AWI_LADDER
Sep 15 18:19:48 [info ] pvpgn::bnetd::LadderList::loadBinary: successfully loaded var\ladders/W2BN_CWI_LADDER
Sep 15 18:19:48 [info ] pvpgn::bnetd::LadderList::loadBinary: successfully loaded var\ladders/W2BN_AGI_LADDER
Sep 15 18:19:48 [info ] pvpgn::bnetd::LadderList::loadBinary: successfully loaded var\ladders/W2BN_CGI_LADDER
Sep 15 18:19:48 [info ] pvpgn::bnetd::LadderList::loadBinary: successfully loaded var\ladders/RAL2_SOLO_LADDER
Sep 15 18:19:48 [info ] pvpgn::bnetd::LadderList::loadBinary: successfully loaded var\ladders/TSUN_SOLO_LADDER
Sep 15 18:19:48 [info ] pvpgn::bnetd::LadderList::loadBinary: successfully loaded var\ladders/TSXP_SOLO_LADDER
Sep 15 18:19:48 [info ] pvpgn::bnetd::LadderList::loadBinary: successfully loaded var\ladders/W3XP_SOLO_LADDER
Sep 15 18:19:48 [info ] pvpgn::bnetd::LadderList::loadBinary: successfully loaded var\ladders/WAR3_SOLO_LADDER
Sep 15 18:19:48 [info ] pvpgn::bnetd::LadderList::loadBinary: successfully loaded var\ladders/YURI_SOLO_LADDER
Sep 15 18:19:48 [info ] pvpgn::bnetd::LadderList::loadBinary: successfully loaded var\ladders/W3XP_TEAM_LADDER
Sep 15 18:19:48 [info ] pvpgn::bnetd::LadderList::loadBinary: successfully loaded var\ladders/WAR3_TEAM_LADDER
Sep 15 18:19:48 [info ] pvpgn::bnetd::LadderList::loadBinary: successfully loaded var\ladders/W3XP_FFA_LADDER
Sep 15 18:19:48 [info ] pvpgn::bnetd::LadderList::loadBinary: successfully loaded var\ladders/WAR3_FFA_LADDER
Sep 15 18:19:48 [info ] pvpgn::bnetd::LadderList::loadBinary: successfully loaded var\ladders/W3XP_AT_LADDER
Sep 15 18:19:48 [info ] pvpgn::bnetd::LadderList::loadBinary: successfully loaded var\ladders/WAR3_AT_LADDER
Sep 15 18:19:48 [info ] pvpgn::bnetd::LadderList::saveBinary: successfully saved var\ladders/SEXP_AR_LADDER
Sep 15 18:19:48 [info ] pvpgn::bnetd::LadderList::saveBinary: successfully saved var\ladders/SEXP_CR_LADDER
Sep 15 18:19:48 [info ] pvpgn::bnetd::LadderList::saveBinary: successfully saved var\ladders/SEXP_AW_LADDER
Sep 15 18:19:48 [info ] pvpgn::bnetd::LadderList::saveBinary: successfully saved var\ladders/SEXP_CW_LADDER
Sep 15 18:19:48 [info ] pvpgn::bnetd::LadderList::saveBinary: successfully saved var\ladders/SEXP_AG_LADDER
Sep 15 18:19:48 [info ] pvpgn::bnetd::LadderList::saveBinary: successfully saved var\ladders/SEXP_CG_LADDER
Sep 15 18:19:48 [info ] pvpgn::bnetd::LadderList::saveBinary: successfully saved var\ladders/STAR_AR_LADDER
Sep 15 18:19:48 [info ] pvpgn::bnetd::LadderList::saveBinary: successfully saved var\ladders/STAR_CR_LADDER
Sep 15 18:19:48 [info ] pvpgn::bnetd::LadderList::saveBinary: successfully saved var\ladders/STAR_AW_LADDER
Sep 15 18:19:48 [info ] pvpgn::bnetd::LadderList::saveBinary: successfully saved var\ladders/STAR_CW_LADDER
Sep 15 18:19:48 [info ] pvpgn::bnetd::LadderList::saveBinary: successfully saved var\ladders/STAR_AG_LADDER
Sep 15 18:19:48 [info ] pvpgn::bnetd::LadderList::saveBinary: successfully saved var\ladders/STAR_CG_LADDER
Sep 15 18:19:48 [info ] pvpgn::bnetd::LadderList::saveBinary: successfully saved var\ladders/W2BN_AR_LADDER
Sep 15 18:19:48 [info ] pvpgn::bnetd::LadderList::saveBinary: successfully saved var\ladders/W2BN_CR_LADDER
Sep 15 18:19:48 [info ] pvpgn::bnetd::LadderList::saveBinary: successfully saved var\ladders/W2BN_AW_LADDER
Sep 15 18:19:48 [info ] pvpgn::bnetd::LadderList::saveBinary: successfully saved var\ladders/W2BN_CW_LADDER
Sep 15 18:19:48 [info ] pvpgn::bnetd::LadderList::saveBinary: successfully saved var\ladders/W2BN_AG_LADDER
Sep 15 18:19:48 [info ] pvpgn::bnetd::LadderList::saveBinary: successfully saved var\ladders/W2BN_CG_LADDER
Sep 15 18:19:48 [info ] pvpgn::bnetd::LadderList::saveBinary: successfully saved var\ladders/W2BN_ARI_LADDER
Sep 15 18:19:48 [info ] pvpgn::bnetd::LadderList::saveBinary: successfully saved var\ladders/W2BN_CRI_LADDER
Sep 15 18:19:48 [info ] pvpgn::bnetd::LadderList::saveBinary: successfully saved var\ladders/W2BN_AWI_LADDER
Sep 15 18:19:48 [info ] pvpgn::bnetd::LadderList::saveBinary: successfully saved var\ladders/W2BN_CWI_LADDER
Sep 15 18:19:48 [info ] pvpgn::bnetd::LadderList::saveBinary: successfully saved var\ladders/W2BN_AGI_LADDER
Sep 15 18:19:48 [info ] pvpgn::bnetd::LadderList::saveBinary: successfully saved var\ladders/W2BN_CGI_LADDER
Sep 15 18:19:48 [info ] pvpgn::bnetd::LadderList::saveBinary: successfully saved var\ladders/RAL2_SOLO_LADDER
Sep 15 18:19:48 [info ] pvpgn::bnetd::LadderList::saveBinary: successfully saved var\ladders/TSUN_SOLO_LADDER
Sep 15 18:19:48 [info ] pvpgn::bnetd::LadderList::saveBinary: successfully saved var\ladders/TSXP_SOLO_LADDER
Sep 15 18:19:48 [info ] pvpgn::bnetd::LadderList::saveBinary: successfully saved var\ladders/W3XP_SOLO_LADDER
Sep 15 18:19:48 [info ] pvpgn::bnetd::LadderList::saveBinary: successfully saved var\ladders/WAR3_SOLO_LADDER
Sep 15 18:19:48 [info ] pvpgn::bnetd::LadderList::saveBinary: successfully saved var\ladders/YURI_SOLO_LADDER
Sep 15 18:19:48 [info ] pvpgn::bnetd::LadderList::saveBinary: successfully saved var\ladders/W3XP_TEAM_LADDER
Sep 15 18:19:48 [info ] pvpgn::bnetd::LadderList::saveBinary: successfully saved var\ladders/WAR3_TEAM_LADDER
Sep 15 18:19:48 [info ] pvpgn::bnetd::LadderList::saveBinary: successfully saved var\ladders/W3XP_FFA_LADDER
Sep 15 18:19:48 [info ] pvpgn::bnetd::LadderList::saveBinary: successfully saved var\ladders/WAR3_FFA_LADDER
Sep 15 18:19:48 [info ] pvpgn::bnetd::LadderList::saveBinary: successfully saved var\ladders/W3XP_AT_LADDER
Sep 15 18:19:48 [info ] pvpgn::bnetd::LadderList::saveBinary: successfully saved var\ladders/WAR3_AT_LADDER
Sep 15 18:19:48 [info ] pvpgn::bnetd::aliasfile_load: done loading aliases
Sep 15 18:19:48 [info ] pvpgn::trans_load: trans file loaded
Sep 15 18:19:48 [info ] pvpgn::bnetd::anongame_infos_load: got langID: []
Sep 15 18:19:48 [info ] pvpgn::bnetd::anongame_infos_load: got langID: [deDE]
Sep 15 18:19:48 [info ] pvpgn::bnetd::anongame_infos_load: got langID: [zhCN]
Sep 15 18:19:48 [info ] pvpgn::bnetd::anongame_infos_load: got langID: [ruRU]
Sep 15 18:19:48 [info ] pvpgn::bnetd::_setup_listensock: listening for bnet connections on 0.0.0.0:6113 TCP
Sep 15 18:19:48 [info ] pvpgn::bnetd::_setup_listensock: listening for w3route connections on 0.0.0.0:6200 TCP
Sep 15 18:20:03 [error] pvpgn::bnetd::topiclist_save: topic conf not loaded
Sep 15 18:20:18 [error] pvpgn::bnetd::topiclist_save: topic conf not loaded
Sep 15 18:20:33 [error] pvpgn::bnetd::topiclist_save: topic conf not loaded
Sep 15 18:20:48 [error] pvpgn::bnetd::topiclist_save: topic conf not loaded
Sep 15 18:21:03 [error] pvpgn::bnetd::topiclist_save: topic conf not loaded
Sep 15 18:21:04 [info ] eventlog_startup: logging event levels: fatal,error,warn,info
Sep 15 18:21:04 [error] pvpgn::bnetd::InitHostBotList: [WHITELIST] added WarcisHostBot
Sep 15 18:21:04 [error] pvpgn::bnetd::InitCrcWhiteList: [CRCWHITELIST] added 3816578313
Sep 15 18:21:04 [info ] pvpgn_greeting: PvPGN 1.99.8.0.0-rc1-PRO process 7832
Sep 15 18:21:04 [info ] pvpgn_greeting: running on Windows 10 (10.0 Build 25290, x86)
Sep 15 18:21:04 [info ] pvpgn::bnetd::storage_init: initializing storage layer (available drivers: file, sql)
Sep 15 18:21:04 [info ] pvpgn::bnetd::storage_init: using file storage driver
Sep 15 18:21:04 [info ] pvpgn::FDWSelectBackend::FDWSelectBackend: fdwatch select() based layer initialized (max 8128 sockets)
Sep 15 18:21:04 [info ] pvpgn::bnetd::i18n_load: localization file loaded "conf\i18n/bgBG/common.xml"
Sep 15 18:21:04 [info ] pvpgn::bnetd::i18n_load: localization file loaded "conf\i18n/csCZ/common.xml"
Sep 15 18:21:04 [info ] pvpgn::bnetd::i18n_load: localization file loaded "conf\i18n/deDE/common.xml"
Sep 15 18:21:04 [info ] pvpgn::bnetd::i18n_load: localization file loaded "conf\i18n/esES/common.xml"
Sep 15 18:21:04 [info ] pvpgn::bnetd::i18n_load: localization file loaded "conf\i18n/frFR/common.xml"
Sep 15 18:21:04 [info ] pvpgn::bnetd::i18n_load: localization file loaded "conf\i18n/itIT/common.xml"
Sep 15 18:21:04 [info ] pvpgn::bnetd::i18n_load: localization file loaded "conf\i18n/jpJA/common.xml"
Sep 15 18:21:04 [info ] pvpgn::bnetd::i18n_load: localization file loaded "conf\i18n/koKR/common.xml"
Sep 15 18:21:04 [info ] pvpgn::bnetd::i18n_load: localization file loaded "conf\i18n/nlNL/common.xml"
Sep 15 18:21:04 [info ] pvpgn::bnetd::i18n_load: localization file loaded "conf\i18n/plPL/common.xml"
Sep 15 18:21:04 [info ] pvpgn::bnetd::i18n_load: localization file loaded "conf\i18n/ptBR/common.xml"
Sep 15 18:21:04 [info ] pvpgn::bnetd::i18n_load: localization file loaded "conf\i18n/ruRU/common.xml"
Sep 15 18:21:04 [info ] pvpgn::bnetd::i18n_load: localization file loaded "conf\i18n/svSE/common.xml"
Sep 15 18:21:04 [info ] pvpgn::bnetd::i18n_load: localization file loaded "conf\i18n/zhCN/common.xml"
Sep 15 18:21:04 [info ] pvpgn::bnetd::i18n_load: localization file loaded "conf\i18n/zhTW/common.xml"
Sep 15 18:21:04 [info ] pvpgn::bnetd::i18n_load: localization file loaded "conf\i18n/common.xml"
Sep 15 18:21:04 [info ] pvpgn::bnetd::server_set_hostname: set hostname to "WB2ITB0J"
Sep 15 18:21:04 [info ] pvpgn::bnetd::AdBanner::AdBanner: Created ad id=0x00000001 filename="ad000001.png" link="http://pvpgn.pro" client="W3XP" lang="NULL"
Sep 15 18:21:04 [info ] pvpgn::bnetd::AdBanner::AdBanner: Created ad id=0x00000002 filename="ad000002.mng" link="http://pvpgn.pro" client="W3XP" lang="NULL"
Sep 15 18:21:04 [info ] pvpgn::bnetd::AdBanner::AdBanner: Created ad id=0x00000003 filename="ad000001.smk" link="http://pvpgn.pro" client="NULL" lang="NULL"
Sep 15 18:21:04 [info ] pvpgn::bnetd::AdBanner::AdBanner: Created ad id=0x00000004 filename="ad000002.smk" link="http://pvpgn.pro" client="NULL" lang="NULL"
Sep 15 18:21:04 [info ] pvpgn::bnetd::load_versioncheck_conf: Successfully loaded 193 versioncheck entries in 26894 microseconds
Sep 15 18:21:04 [info ] pvpgn::bnetd::output_init: initializing output file
Sep 15 18:21:04 [info ] pvpgn::bnetd::accountlist_create: started creating accountlist
Sep 15 18:21:04 [info ] pvpgn::bnetd::accountlist_load_all: Successfully loaded 0 user accounts in 0 milliseconds
Sep 15 18:21:04 [info ] pvpgn::bnetd::ladder_createxptable: set war3 xpcalc maxleveldiff to 6
Sep 15 18:21:04 [info ] pvpgn::bnetd::LadderList::loadBinary: successfully loaded var\ladders/SEXP_AR_LADDER
Sep 15 18:21:04 [info ] pvpgn::bnetd::LadderList::loadBinary: successfully loaded var\ladders/SEXP_CR_LADDER
Sep 15 18:21:04 [info ] pvpgn::bnetd::LadderList::loadBinary: successfully loaded var\ladders/SEXP_AW_LADDER
Sep 15 18:21:04 [info ] pvpgn::bnetd::LadderList::loadBinary: successfully loaded var\ladders/SEXP_CW_LADDER
Sep 15 18:21:04 [info ] pvpgn::bnetd::LadderList::loadBinary: successfully loaded var\ladders/SEXP_AG_LADDER
Sep 15 18:21:04 [info ] pvpgn::bnetd::LadderList::loadBinary: successfully loaded var\ladders/SEXP_CG_LADDER
Sep 15 18:21:04 [info ] pvpgn::bnetd::LadderList::loadBinary: successfully loaded var\ladders/STAR_AR_LADDER
Sep 15 18:21:04 [info ] pvpgn::bnetd::LadderList::loadBinary: successfully loaded var\ladders/STAR_CR_LADDER
Sep 15 18:21:04 [info ] pvpgn::bnetd::LadderList::loadBinary: successfully loaded var\ladders/STAR_AW_LADDER
Sep 15 18:21:04 [info ] pvpgn::bnetd::LadderList::loadBinary: successfully loaded var\ladders/STAR_CW_LADDER
Sep 15 18:21:04 [info ] pvpgn::bnetd::LadderList::loadBinary: successfully loaded var\ladders/STAR_AG_LADDER
Sep 15 18:21:04 [info ] pvpgn::bnetd::LadderList::loadBinary: successfully loaded var\ladders/STAR_CG_LADDER
Sep 15 18:21:04 [info ] pvpgn::bnetd::LadderList::loadBinary: successfully loaded var\ladders/W2BN_AR_LADDER
Sep 15 18:21:04 [info ] pvpgn::bnetd::LadderList::loadBinary: successfully loaded var\ladders/W2BN_CR_LADDER
Sep 15 18:21:04 [info ] pvpgn::bnetd::LadderList::loadBinary: successfully loaded var\ladders/W2BN_AW_LADDER
Sep 15 18:21:04 [info ] pvpgn::bnetd::LadderList::loadBinary: successfully loaded var\ladders/W2BN_CW_LADDER
Sep 15 18:21:04 [info ] pvpgn::bnetd::LadderList::loadBinary: successfully loaded var\ladders/W2BN_AG_LADDER
Sep 15 18:21:04 [info ] pvpgn::bnetd::LadderList::loadBinary: successfully loaded var\ladders/W2BN_CG_LADDER
Sep 15 18:21:04 [info ] pvpgn::bnetd::LadderList::loadBinary: successfully loaded var\ladders/W2BN_ARI_LADDER
Sep 15 18:21:04 [info ] pvpgn::bnetd::LadderList::loadBinary: successfully loaded var\ladders/W2BN_CRI_LADDER
Sep 15 18:21:04 [info ] pvpgn::bnetd::LadderList::loadBinary: successfully loaded var\ladders/W2BN_AWI_LADDER
Sep 15 18:21:04 [info ] pvpgn::bnetd::LadderList::loadBinary: successfully loaded var\ladders/W2BN_CWI_LADDER
Sep 15 18:21:04 [info ] pvpgn::bnetd::LadderList::loadBinary: successfully loaded var\ladders/W2BN_AGI_LADDER
Sep 15 18:21:04 [info ] pvpgn::bnetd::LadderList::loadBinary: successfully loaded var\ladders/W2BN_CGI_LADDER
Sep 15 18:21:04 [info ] pvpgn::bnetd::LadderList::loadBinary: successfully loaded var\ladders/RAL2_SOLO_LADDER
Sep 15 18:21:04 [info ] pvpgn::bnetd::LadderList::loadBinary: successfully loaded var\ladders/TSUN_SOLO_LADDER
Sep 15 18:21:04 [info ] pvpgn::bnetd::LadderList::loadBinary: successfully loaded var\ladders/TSXP_SOLO_LADDER
Sep 15 18:21:04 [info ] pvpgn::bnetd::LadderList::loadBinary: successfully loaded var\ladders/W3XP_SOLO_LADDER
Sep 15 18:21:04 [info ] pvpgn::bnetd::LadderList::loadBinary: successfully loaded var\ladders/WAR3_SOLO_LADDER
Sep 15 18:21:04 [info ] pvpgn::bnetd::LadderList::loadBinary: successfully loaded var\ladders/YURI_SOLO_LADDER
Sep 15 18:21:04 [info ] pvpgn::bnetd::LadderList::loadBinary: successfully loaded var\ladders/W3XP_TEAM_LADDER
Sep 15 18:21:04 [info ] pvpgn::bnetd::LadderList::loadBinary: successfully loaded var\ladders/WAR3_TEAM_LADDER
Sep 15 18:21:04 [info ] pvpgn::bnetd::LadderList::loadBinary: successfully loaded var\ladders/W3XP_FFA_LADDER
Sep 15 18:21:04 [info ] pvpgn::bnetd::LadderList::loadBinary: successfully loaded var\ladders/WAR3_FFA_LADDER
Sep 15 18:21:04 [info ] pvpgn::bnetd::LadderList::loadBinary: successfully loaded var\ladders/W3XP_AT_LADDER
Sep 15 18:21:04 [info ] pvpgn::bnetd::LadderList::loadBinary: successfully loaded var\ladders/WAR3_AT_LADDER
Sep 15 18:21:04 [info ] pvpgn::bnetd::LadderList::saveBinary: successfully saved var\ladders/SEXP_AR_LADDER
Sep 15 18:21:04 [info ] pvpgn::bnetd::LadderList::saveBinary: successfully saved var\ladders/SEXP_CR_LADDER
Sep 15 18:21:04 [info ] pvpgn::bnetd::LadderList::saveBinary: successfully saved var\ladders/SEXP_AW_LADDER
Sep 15 18:21:04 [info ] pvpgn::bnetd::LadderList::saveBinary: successfully saved var\ladders/SEXP_CW_LADDER
Sep 15 18:21:04 [info ] pvpgn::bnetd::LadderList::saveBinary: successfully saved var\ladders/SEXP_AG_LADDER
Sep 15 18:21:04 [info ] pvpgn::bnetd::LadderList::saveBinary: successfully saved var\ladders/SEXP_CG_LADDER
Sep 15 18:21:04 [info ] pvpgn::bnetd::LadderList::saveBinary: successfully saved var\ladders/STAR_AR_LADDER
Sep 15 18:21:04 [info ] pvpgn::bnetd::LadderList::saveBinary: successfully saved var\ladders/STAR_CR_LADDER
Sep 15 18:21:04 [info ] pvpgn::bnetd::LadderList::saveBinary: successfully saved var\ladders/STAR_AW_LADDER
Sep 15 18:21:04 [info ] pvpgn::bnetd::LadderList::saveBinary: successfully saved var\ladders/STAR_CW_LADDER
Sep 15 18:21:04 [info ] pvpgn::bnetd::LadderList::saveBinary: successfully saved var\ladders/STAR_AG_LADDER
Sep 15 18:21:04 [info ] pvpgn::bnetd::LadderList::saveBinary: successfully saved var\ladders/STAR_CG_LADDER
Sep 15 18:21:04 [info ] pvpgn::bnetd::LadderList::saveBinary: successfully saved var\ladders/W2BN_AR_LADDER
Sep 15 18:21:04 [info ] pvpgn::bnetd::LadderList::saveBinary: successfully saved var\ladders/W2BN_CR_LADDER
Sep 15 18:21:04 [info ] pvpgn::bnetd::LadderList::saveBinary: successfully saved var\ladders/W2BN_AW_LADDER
Sep 15 18:21:04 [info ] pvpgn::bnetd::LadderList::saveBinary: successfully saved var\ladders/W2BN_CW_LADDER
Sep 15 18:21:04 [info ] pvpgn::bnetd::LadderList::saveBinary: successfully saved var\ladders/W2BN_AG_LADDER
Sep 15 18:21:04 [info ] pvpgn::bnetd::LadderList::saveBinary: successfully saved var\ladders/W2BN_CG_LADDER
Sep 15 18:21:04 [info ] pvpgn::bnetd::LadderList::saveBinary: successfully saved var\ladders/W2BN_ARI_LADDER
Sep 15 18:21:04 [info ] pvpgn::bnetd::LadderList::saveBinary: successfully saved var\ladders/W2BN_CRI_LADDER
Sep 15 18:21:04 [info ] pvpgn::bnetd::LadderList::saveBinary: successfully saved var\ladders/W2BN_AWI_LADDER
Sep 15 18:21:04 [info ] pvpgn::bnetd::LadderList::saveBinary: successfully saved var\ladders/W2BN_CWI_LADDER
Sep 15 18:21:04 [info ] pvpgn::bnetd::LadderList::saveBinary: successfully saved var\ladders/W2BN_AGI_LADDER
Sep 15 18:21:04 [info ] pvpgn::bnetd::LadderList::saveBinary: successfully saved var\ladders/W2BN_CGI_LADDER
Sep 15 18:21:04 [info ] pvpgn::bnetd::LadderList::saveBinary: successfully saved var\ladders/RAL2_SOLO_LADDER
Sep 15 18:21:04 [info ] pvpgn::bnetd::LadderList::saveBinary: successfully saved var\ladders/TSUN_SOLO_LADDER
Sep 15 18:21:04 [info ] pvpgn::bnetd::LadderList::saveBinary: successfully saved var\ladders/TSXP_SOLO_LADDER
Sep 15 18:21:04 [info ] pvpgn::bnetd::LadderList::saveBinary: successfully saved var\ladders/W3XP_SOLO_LADDER
Sep 15 18:21:04 [info ] pvpgn::bnetd::LadderList::saveBinary: successfully saved var\ladders/WAR3_SOLO_LADDER
Sep 15 18:21:04 [info ] pvpgn::bnetd::LadderList::saveBinary: successfully saved var\ladders/YURI_SOLO_LADDER
Sep 15 18:21:04 [info ] pvpgn::bnetd::LadderList::saveBinary: successfully saved var\ladders/W3XP_TEAM_LADDER
Sep 15 18:21:04 [info ] pvpgn::bnetd::LadderList::saveBinary: successfully saved var\ladders/WAR3_TEAM_LADDER
Sep 15 18:21:04 [info ] pvpgn::bnetd::LadderList::saveBinary: successfully saved var\ladders/W3XP_FFA_LADDER
Sep 15 18:21:04 [info ] pvpgn::bnetd::LadderList::saveBinary: successfully saved var\ladders/WAR3_FFA_LADDER
Sep 15 18:21:04 [info ] pvpgn::bnetd::LadderList::saveBinary: successfully saved var\ladders/W3XP_AT_LADDER
Sep 15 18:21:04 [info ] pvpgn::bnetd::LadderList::saveBinary: successfully saved var\ladders/WAR3_AT_LADDER
Sep 15 18:21:04 [info ] pvpgn::bnetd::aliasfile_load: done loading aliases
Sep 15 18:21:04 [info ] pvpgn::trans_load: trans file loaded
Sep 15 18:21:04 [info ] pvpgn::bnetd::anongame_infos_load: got langID: []
Sep 15 18:21:04 [info ] pvpgn::bnetd::anongame_infos_load: got langID: [deDE]
Sep 15 18:21:04 [info ] pvpgn::bnetd::anongame_infos_load: got langID: [zhCN]
Sep 15 18:21:04 [info ] pvpgn::bnetd::anongame_infos_load: got langID: [ruRU]
Sep 15 18:21:04 [info ] pvpgn::bnetd::_setup_listensock: listening for bnet connections on 127.0.0.1:6012 TCP
Sep 15 18:21:04 [info ] pvpgn::bnetd::_setup_listensock: listening for w3route connections on 0.0.0.0:6200 TCP
Sep 15 18:21:18 [error] pvpgn::bnetd::topiclist_save: topic conf not loaded
Sep 15 18:21:19 [error] pvpgn::bnetd::topiclist_save: topic conf not loaded
Sep 15 18:21:29 [info ] eventlog_startup: logging event levels: fatal,error,warn,info
Sep 15 18:21:29 [error] pvpgn::bnetd::InitHostBotList: [WHITELIST] added WarcisHostBot
Sep 15 18:21:29 [error] pvpgn::bnetd::InitCrcWhiteList: [CRCWHITELIST] added 3816578313
Sep 15 18:21:29 [info ] pvpgn_greeting: PvPGN 1.99.8.0.0-rc1-PRO process 8740
Sep 15 18:21:29 [info ] pvpgn_greeting: running on Windows 10 (10.0 Build 25290, x86)
Sep 15 18:21:29 [info ] pvpgn::bnetd::storage_init: initializing storage layer (available drivers: file, sql)
Sep 15 18:21:29 [info ] pvpgn::bnetd::storage_init: using file storage driver
Sep 15 18:21:29 [info ] pvpgn::FDWSelectBackend::FDWSelectBackend: fdwatch select() based layer initialized (max 8128 sockets)
Sep 15 18:21:29 [info ] pvpgn::bnetd::i18n_load: localization file loaded "conf\i18n/bgBG/common.xml"
Sep 15 18:21:29 [info ] pvpgn::bnetd::i18n_load: localization file loaded "conf\i18n/csCZ/common.xml"
Sep 15 18:21:29 [info ] pvpgn::bnetd::i18n_load: localization file loaded "conf\i18n/deDE/common.xml"
Sep 15 18:21:29 [info ] pvpgn::bnetd::i18n_load: localization file loaded "conf\i18n/esES/common.xml"
Sep 15 18:21:29 [info ] pvpgn::bnetd::i18n_load: localization file loaded "conf\i18n/frFR/common.xml"
Sep 15 18:21:29 [info ] pvpgn::bnetd::i18n_load: localization file loaded "conf\i18n/itIT/common.xml"
Sep 15 18:21:29 [info ] pvpgn::bnetd::i18n_load: localization file loaded "conf\i18n/jpJA/common.xml"
Sep 15 18:21:29 [info ] pvpgn::bnetd::i18n_load: localization file loaded "conf\i18n/koKR/common.xml"
Sep 15 18:21:29 [info ] pvpgn::bnetd::i18n_load: localization file loaded "conf\i18n/nlNL/common.xml"
Sep 15 18:21:29 [info ] pvpgn::bnetd::i18n_load: localization file loaded "conf\i18n/plPL/common.xml"
Sep 15 18:21:29 [info ] pvpgn::bnetd::i18n_load: localization file loaded "conf\i18n/ptBR/common.xml"
Sep 15 18:21:29 [info ] pvpgn::bnetd::i18n_load: localization file loaded "conf\i18n/ruRU/common.xml"
Sep 15 18:21:29 [info ] pvpgn::bnetd::i18n_load: localization file loaded "conf\i18n/svSE/common.xml"
Sep 15 18:21:29 [info ] pvpgn::bnetd::i18n_load: localization file loaded "conf\i18n/zhCN/common.xml"
Sep 15 18:21:29 [info ] pvpgn::bnetd::i18n_load: localization file loaded "conf\i18n/zhTW/common.xml"
Sep 15 18:21:29 [info ] pvpgn::bnetd::i18n_load: localization file loaded "conf\i18n/common.xml"
Sep 15 18:21:30 [info ] pvpgn::bnetd::server_set_hostname: set hostname to "WB2ITB0J"
Sep 15 18:21:30 [info ] pvpgn::bnetd::AdBanner::AdBanner: Created ad id=0x00000001 filename="ad000001.png" link="http://pvpgn.pro" client="W3XP" lang="NULL"
Sep 15 18:21:30 [info ] pvpgn::bnetd::AdBanner::AdBanner: Created ad id=0x00000002 filename="ad000002.mng" link="http://pvpgn.pro" client="W3XP" lang="NULL"
Sep 15 18:21:30 [info ] pvpgn::bnetd::AdBanner::AdBanner: Created ad id=0x00000003 filename="ad000001.smk" link="http://pvpgn.pro" client="NULL" lang="NULL"
Sep 15 18:21:30 [info ] pvpgn::bnetd::AdBanner::AdBanner: Created ad id=0x00000004 filename="ad000002.smk" link="http://pvpgn.pro" client="NULL" lang="NULL"
Sep 15 18:21:30 [info ] pvpgn::bnetd::load_versioncheck_conf: Successfully loaded 193 versioncheck entries in 27345 microseconds
Sep 15 18:21:30 [info ] pvpgn::bnetd::output_init: initializing output file
Sep 15 18:21:30 [info ] pvpgn::bnetd::accountlist_create: started creating accountlist
Sep 15 18:21:30 [info ] pvpgn::bnetd::accountlist_load_all: Successfully loaded 0 user accounts in 0 milliseconds
Sep 15 18:21:30 [info ] pvpgn::bnetd::ladder_createxptable: set war3 xpcalc maxleveldiff to 6
Sep 15 18:21:30 [info ] pvpgn::bnetd::LadderList::loadBinary: successfully loaded var\ladders/SEXP_AR_LADDER
Sep 15 18:21:30 [info ] pvpgn::bnetd::LadderList::loadBinary: successfully loaded var\ladders/SEXP_CR_LADDER
Sep 15 18:21:30 [info ] pvpgn::bnetd::LadderList::loadBinary: successfully loaded var\ladders/SEXP_AW_LADDER
Sep 15 18:21:30 [info ] pvpgn::bnetd::LadderList::loadBinary: successfully loaded var\ladders/SEXP_CW_LADDER
Sep 15 18:21:30 [info ] pvpgn::bnetd::LadderList::loadBinary: successfully loaded var\ladders/SEXP_AG_LADDER
Sep 15 18:21:30 [info ] pvpgn::bnetd::LadderList::loadBinary: successfully loaded var\ladders/SEXP_CG_LADDER
Sep 15 18:21:30 [info ] pvpgn::bnetd::LadderList::loadBinary: successfully loaded var\ladders/STAR_AR_LADDER
Sep 15 18:21:30 [info ] pvpgn::bnetd::LadderList::loadBinary: successfully loaded var\ladders/STAR_CR_LADDER
Sep 15 18:21:30 [info ] pvpgn::bnetd::LadderList::loadBinary: successfully loaded var\ladders/STAR_AW_LADDER
Sep 15 18:21:30 [info ] pvpgn::bnetd::LadderList::loadBinary: successfully loaded var\ladders/STAR_CW_LADDER
Sep 15 18:21:30 [info ] pvpgn::bnetd::LadderList::loadBinary: successfully loaded var\ladders/STAR_AG_LADDER
Sep 15 18:21:30 [info ] pvpgn::bnetd::LadderList::loadBinary: successfully loaded var\ladders/STAR_CG_LADDER
Sep 15 18:21:30 [info ] pvpgn::bnetd::LadderList::loadBinary: successfully loaded var\ladders/W2BN_AR_LADDER
Sep 15 18:21:30 [info ] pvpgn::bnetd::LadderList::loadBinary: successfully loaded var\ladders/W2BN_CR_LADDER
Sep 15 18:21:30 [info ] pvpgn::bnetd::LadderList::loadBinary: successfully loaded var\ladders/W2BN_AW_LADDER
Sep 15 18:21:30 [info ] pvpgn::bnetd::LadderList::loadBinary: successfully loaded var\ladders/W2BN_CW_LADDER
Sep 15 18:21:30 [info ] pvpgn::bnetd::LadderList::loadBinary: successfully loaded var\ladders/W2BN_AG_LADDER
Sep 15 18:21:30 [info ] pvpgn::bnetd::LadderList::loadBinary: successfully loaded var\ladders/W2BN_CG_LADDER
Sep 15 18:21:30 [info ] pvpgn::bnetd::LadderList::loadBinary: successfully loaded var\ladders/W2BN_ARI_LADDER
Sep 15 18:21:30 [info ] pvpgn::bnetd::LadderList::loadBinary: successfully loaded var\ladders/W2BN_CRI_LADDER
Sep 15 18:21:30 [info ] pvpgn::bnetd::LadderList::loadBinary: successfully loaded var\ladders/W2BN_AWI_LADDER
Sep 15 18:21:30 [info ] pvpgn::bnetd::LadderList::loadBinary: successfully loaded var\ladders/W2BN_CWI_LADDER
Sep 15 18:21:30 [info ] pvpgn::bnetd::LadderList::loadBinary: successfully loaded var\ladders/W2BN_AGI_LADDER
Sep 15 18:21:30 [info ] pvpgn::bnetd::LadderList::loadBinary: successfully loaded var\ladders/W2BN_CGI_LADDER
Sep 15 18:21:30 [info ] pvpgn::bnetd::LadderList::loadBinary: successfully loaded var\ladders/RAL2_SOLO_LADDER
Sep 15 18:21:30 [info ] pvpgn::bnetd::LadderList::loadBinary: successfully loaded var\ladders/TSUN_SOLO_LADDER
Sep 15 18:21:30 [info ] pvpgn::bnetd::LadderList::loadBinary: successfully loaded var\ladders/TSXP_SOLO_LADDER
Sep 15 18:21:30 [info ] pvpgn::bnetd::LadderList::loadBinary: successfully loaded var\ladders/W3XP_SOLO_LADDER
Sep 15 18:21:30 [info ] pvpgn::bnetd::LadderList::loadBinary: successfully loaded var\ladders/WAR3_SOLO_LADDER
Sep 15 18:21:30 [info ] pvpgn::bnetd::LadderList::loadBinary: successfully loaded var\ladders/YURI_SOLO_LADDER
Sep 15 18:21:30 [info ] pvpgn::bnetd::LadderList::loadBinary: successfully loaded var\ladders/W3XP_TEAM_LADDER
Sep 15 18:21:30 [info ] pvpgn::bnetd::LadderList::loadBinary: successfully loaded var\ladders/WAR3_TEAM_LADDER
Sep 15 18:21:30 [info ] pvpgn::bnetd::LadderList::loadBinary: successfully loaded var\ladders/W3XP_FFA_LADDER
Sep 15 18:21:30 [info ] pvpgn::bnetd::LadderList::loadBinary: successfully loaded var\ladders/WAR3_FFA_LADDER
Sep 15 18:21:30 [info ] pvpgn::bnetd::LadderList::loadBinary: successfully loaded var\ladders/W3XP_AT_LADDER
Sep 15 18:21:30 [info ] pvpgn::bnetd::LadderList::loadBinary: successfully loaded var\ladders/WAR3_AT_LADDER
Sep 15 18:21:30 [info ] pvpgn::bnetd::LadderList::saveBinary: successfully saved var\ladders/SEXP_AR_LADDER
Sep 15 18:21:30 [info ] pvpgn::bnetd::LadderList::saveBinary: successfully saved var\ladders/SEXP_CR_LADDER
Sep 15 18:21:30 [info ] pvpgn::bnetd::LadderList::saveBinary: successfully saved var\ladders/SEXP_AW_LADDER
Sep 15 18:21:30 [info ] pvpgn::bnetd::LadderList::saveBinary: successfully saved var\ladders/SEXP_CW_LADDER
Sep 15 18:21:30 [info ] pvpgn::bnetd::LadderList::saveBinary: successfully saved var\ladders/SEXP_AG_LADDER
Sep 15 18:21:30 [info ] pvpgn::bnetd::LadderList::saveBinary: successfully saved var\ladders/SEXP_CG_LADDER
Sep 15 18:21:30 [info ] pvpgn::bnetd::LadderList::saveBinary: successfully saved var\ladders/STAR_AR_LADDER
Sep 15 18:21:30 [info ] pvpgn::bnetd::LadderList::saveBinary: successfully saved var\ladders/STAR_CR_LADDER
Sep 15 18:21:30 [info ] pvpgn::bnetd::LadderList::saveBinary: successfully saved var\ladders/STAR_AW_LADDER
Sep 15 18:21:30 [info ] pvpgn::bnetd::LadderList::saveBinary: successfully saved var\ladders/STAR_CW_LADDER
Sep 15 18:21:30 [info ] pvpgn::bnetd::LadderList::saveBinary: successfully saved var\ladders/STAR_AG_LADDER
Sep 15 18:21:30 [info ] pvpgn::bnetd::LadderList::saveBinary: successfully saved var\ladders/STAR_CG_LADDER
Sep 15 18:21:30 [info ] pvpgn::bnetd::LadderList::saveBinary: successfully saved var\ladders/W2BN_AR_LADDER
Sep 15 18:21:30 [info ] pvpgn::bnetd::LadderList::saveBinary: successfully saved var\ladders/W2BN_CR_LADDER
Sep 15 18:21:30 [info ] pvpgn::bnetd::LadderList::saveBinary: successfully saved var\ladders/W2BN_AW_LADDER
Sep 15 18:21:30 [info ] pvpgn::bnetd::LadderList::saveBinary: successfully saved var\ladders/W2BN_CW_LADDER
Sep 15 18:21:30 [info ] pvpgn::bnetd::LadderList::saveBinary: successfully saved var\ladders/W2BN_AG_LADDER
Sep 15 18:21:30 [info ] pvpgn::bnetd::LadderList::saveBinary: successfully saved var\ladders/W2BN_CG_LADDER
Sep 15 18:21:30 [info ] pvpgn::bnetd::LadderList::saveBinary: successfully saved var\ladders/W2BN_ARI_LADDER
Sep 15 18:21:30 [info ] pvpgn::bnetd::LadderList::saveBinary: successfully saved var\ladders/W2BN_CRI_LADDER
Sep 15 18:21:30 [info ] pvpgn::bnetd::LadderList::saveBinary: successfully saved var\ladders/W2BN_AWI_LADDER
Sep 15 18:21:30 [info ] pvpgn::bnetd::LadderList::saveBinary: successfully saved var\ladders/W2BN_CWI_LADDER
Sep 15 18:21:30 [info ] pvpgn::bnetd::LadderList::saveBinary: successfully saved var\ladders/W2BN_AGI_LADDER
Sep 15 18:21:30 [info ] pvpgn::bnetd::LadderList::saveBinary: successfully saved var\ladders/W2BN_CGI_LADDER
Sep 15 18:21:30 [info ] pvpgn::bnetd::LadderList::saveBinary: successfully saved var\ladders/RAL2_SOLO_LADDER
Sep 15 18:21:30 [info ] pvpgn::bnetd::LadderList::saveBinary: successfully saved var\ladders/TSUN_SOLO_LADDER
Sep 15 18:21:30 [info ] pvpgn::bnetd::LadderList::saveBinary: successfully saved var\ladders/TSXP_SOLO_LADDER
Sep 15 18:21:30 [info ] pvpgn::bnetd::LadderList::saveBinary: successfully saved var\ladders/W3XP_SOLO_LADDER
Sep 15 18:21:30 [info ] pvpgn::bnetd::LadderList::saveBinary: successfully saved var\ladders/WAR3_SOLO_LADDER
Sep 15 18:21:30 [info ] pvpgn::bnetd::LadderList::saveBinary: successfully saved var\ladders/YURI_SOLO_LADDER
Sep 15 18:21:30 [info ] pvpgn::bnetd::LadderList::saveBinary: successfully saved var\ladders/W3XP_TEAM_LADDER
Sep 15 18:21:30 [info ] pvpgn::bnetd::LadderList::saveBinary: successfully saved var\ladders/WAR3_TEAM_LADDER
Sep 15 18:21:30 [info ] pvpgn::bnetd::LadderList::saveBinary: successfully saved var\ladders/W3XP_FFA_LADDER
Sep 15 18:21:30 [info ] pvpgn::bnetd::LadderList::saveBinary: successfully saved var\ladders/WAR3_FFA_LADDER
Sep 15 18:21:30 [info ] pvpgn::bnetd::LadderList::saveBinary: successfully saved var\ladders/W3XP_AT_LADDER
Sep 15 18:21:30 [info ] pvpgn::bnetd::LadderList::saveBinary: successfully saved var\ladders/WAR3_AT_LADDER
Sep 15 18:21:30 [info ] pvpgn::bnetd::aliasfile_load: done loading aliases
Sep 15 18:21:30 [info ] pvpgn::trans_load: trans file loaded
Sep 15 18:21:30 [info ] pvpgn::bnetd::anongame_infos_load: got langID: []
Sep 15 18:21:30 [info ] pvpgn::bnetd::anongame_infos_load: got langID: [deDE]
Sep 15 18:21:30 [info ] pvpgn::bnetd::anongame_infos_load: got langID: [zhCN]
Sep 15 18:21:30 [info ] pvpgn::bnetd::anongame_infos_load: got langID: [ruRU]
Sep 15 18:21:30 [info ] pvpgn::bnetd::_setup_listensock: listening for bnet connections on 127.0.0.1:6012 TCP
Sep 15 18:21:30 [info ] pvpgn::bnetd::_setup_listensock: listening for w3route connections on 0.0.0.0:6200 TCP
Sep 15 18:21:45 [error] pvpgn::bnetd::topiclist_save: topic conf not loaded
Sep 15 18:22:00 [error] pvpgn::bnetd::topiclist_save: topic conf not loaded
Sep 15 18:22:15 [error] pvpgn::bnetd::topiclist_save: topic conf not loaded
Sep 15 18:22:30 [error] pvpgn::bnetd::topiclist_save: topic conf not loaded
Sep 15 18:22:45 [error] pvpgn::bnetd::topiclist_save: topic conf not loaded
Sep 15 18:23:00 [error] pvpgn::bnetd::topiclist_save: topic conf not loaded
Sep 15 18:23:15 [error] pvpgn::bnetd::topiclist_save: topic conf not loaded
Sep 15 18:23:30 [error] pvpgn::bnetd::topiclist_save: topic conf not loaded
Sep 15 18:23:45 [error] pvpgn::bnetd::topiclist_save: topic conf not loaded
Sep 15 18:24:00 [error] pvpgn::bnetd::topiclist_save: topic conf not loaded
Sep 15 18:24:15 [error] pvpgn::bnetd::topiclist_save: topic conf not loaded
Sep 15 18:24:30 [error] pvpgn::bnetd::topiclist_save: topic conf not loaded
Sep 15 18:24:45 [error] pvpgn::bnetd::topiclist_save: topic conf not loaded
Sep 15 18:25:00 [error] pvpgn::bnetd::topiclist_save: topic conf not loaded
Sep 15 18:25:15 [error] pvpgn::bnetd::topiclist_save: topic conf not loaded
Sep 15 18:25:30 [error] pvpgn::bnetd::topiclist_save: topic conf not loaded
Sep 15 18:25:45 [error] pvpgn::bnetd::topiclist_save: topic conf not loaded
Sep 15 18:26:00 [error] pvpgn::bnetd::topiclist_save: topic conf not loaded
Sep 15 19:59:36 [info ] eventlog_startup: logging event levels: fatal,error,warn,info
Sep 15 19:59:36 [error] pvpgn::bnetd::InitHostBotList: [WHITELIST] added WarcisHostBot
Sep 15 19:59:36 [error] pvpgn::bnetd::InitCrcWhiteList: [CRCWHITELIST] added 3816578313
Sep 15 19:59:36 [info ] pvpgn_greeting: PvPGN 1.99.8.0.0-rc1-PRO process 13552
Sep 15 19:59:36 [info ] pvpgn_greeting: running on Windows 10 (10.0 Build 25290, x86)
Sep 15 19:59:36 [info ] pvpgn::bnetd::storage_init: initializing storage layer (available drivers: file, sql)
Sep 15 19:59:36 [info ] pvpgn::bnetd::storage_init: using file storage driver
Sep 15 19:59:36 [info ] pvpgn::FDWSelectBackend::FDWSelectBackend: fdwatch select() based layer initialized (max 8128 sockets)
Sep 15 19:59:36 [info ] pvpgn::bnetd::i18n_load: localization file loaded "conf\i18n/bgBG/common.xml"
Sep 15 19:59:36 [info ] pvpgn::bnetd::i18n_load: localization file loaded "conf\i18n/csCZ/common.xml"
Sep 15 19:59:36 [info ] pvpgn::bnetd::i18n_load: localization file loaded "conf\i18n/deDE/common.xml"
Sep 15 19:59:36 [info ] pvpgn::bnetd::i18n_load: localization file loaded "conf\i18n/esES/common.xml"
Sep 15 19:59:36 [info ] pvpgn::bnetd::i18n_load: localization file loaded "conf\i18n/frFR/common.xml"
Sep 15 19:59:36 [info ] pvpgn::bnetd::i18n_load: localization file loaded "conf\i18n/itIT/common.xml"
Sep 15 19:59:36 [info ] pvpgn::bnetd::i18n_load: localization file loaded "conf\i18n/jpJA/common.xml"
Sep 15 19:59:36 [info ] pvpgn::bnetd::i18n_load: localization file loaded "conf\i18n/koKR/common.xml"
Sep 15 19:59:36 [info ] pvpgn::bnetd::i18n_load: localization file loaded "conf\i18n/nlNL/common.xml"
Sep 15 19:59:36 [info ] pvpgn::bnetd::i18n_load: localization file loaded "conf\i18n/plPL/common.xml"
Sep 15 19:59:36 [info ] pvpgn::bnetd::i18n_load: localization file loaded "conf\i18n/ptBR/common.xml"
Sep 15 19:59:36 [info ] pvpgn::bnetd::i18n_load: localization file loaded "conf\i18n/ruRU/common.xml"
Sep 15 19:59:36 [info ] pvpgn::bnetd::i18n_load: localization file loaded "conf\i18n/svSE/common.xml"
Sep 15 19:59:36 [info ] pvpgn::bnetd::i18n_load: localization file loaded "conf\i18n/zhCN/common.xml"
Sep 15 19:59:36 [info ] pvpgn::bnetd::i18n_load: localization file loaded "conf\i18n/zhTW/common.xml"
Sep 15 19:59:36 [info ] pvpgn::bnetd::i18n_load: localization file loaded "conf\i18n/common.xml"
Sep 15 19:59:36 [info ] pvpgn::bnetd::server_set_hostname: set hostname to "WB2ITB0J"
Sep 15 19:59:36 [info ] pvpgn::bnetd::AdBanner::AdBanner: Created ad id=0x00000001 filename="ad000001.png" link="http://pvpgn.pro" client="W3XP" lang="NULL"
Sep 15 19:59:36 [info ] pvpgn::bnetd::AdBanner::AdBanner: Created ad id=0x00000002 filename="ad000002.mng" link="http://pvpgn.pro" client="W3XP" lang="NULL"
Sep 15 19:59:36 [info ] pvpgn::bnetd::AdBanner::AdBanner: Created ad id=0x00000003 filename="ad000001.smk" link="http://pvpgn.pro" client="NULL" lang="NULL"
Sep 15 19:59:36 [info ] pvpgn::bnetd::AdBanner::AdBanner: Created ad id=0x00000004 filename="ad000002.smk" link="http://pvpgn.pro" client="NULL" lang="NULL"
Sep 15 19:59:36 [info ] pvpgn::bnetd::load_versioncheck_conf: Successfully loaded 193 versioncheck entries in 27115 microseconds
Sep 15 19:59:36 [info ] pvpgn::bnetd::output_init: initializing output file
Sep 15 19:59:36 [info ] pvpgn::bnetd::accountlist_create: started creating accountlist
Sep 15 19:59:36 [info ] pvpgn::bnetd::accountlist_load_all: Successfully loaded 0 user accounts in 0 milliseconds
Sep 15 19:59:36 [info ] pvpgn::bnetd::ladder_createxptable: set war3 xpcalc maxleveldiff to 6
Sep 15 19:59:36 [info ] pvpgn::bnetd::LadderList::loadBinary: successfully loaded var\ladders/SEXP_AR_LADDER
Sep 15 19:59:36 [info ] pvpgn::bnetd::LadderList::loadBinary: successfully loaded var\ladders/SEXP_CR_LADDER
Sep 15 19:59:36 [info ] pvpgn::bnetd::LadderList::loadBinary: successfully loaded var\ladders/SEXP_AW_LADDER
Sep 15 19:59:36 [info ] pvpgn::bnetd::LadderList::loadBinary: successfully loaded var\ladders/SEXP_CW_LADDER
Sep 15 19:59:36 [info ] pvpgn::bnetd::LadderList::loadBinary: successfully loaded var\ladders/SEXP_AG_LADDER
Sep 15 19:59:36 [info ] pvpgn::bnetd::LadderList::loadBinary: successfully loaded var\ladders/SEXP_CG_LADDER
Sep 15 19:59:36 [info ] pvpgn::bnetd::LadderList::loadBinary: successfully loaded var\ladders/STAR_AR_LADDER
Sep 15 19:59:36 [info ] pvpgn::bnetd::LadderList::loadBinary: successfully loaded var\ladders/STAR_CR_LADDER
Sep 15 19:59:36 [info ] pvpgn::bnetd::LadderList::loadBinary: successfully loaded var\ladders/STAR_AW_LADDER
Sep 15 19:59:36 [info ] pvpgn::bnetd::LadderList::loadBinary: successfully loaded var\ladders/STAR_CW_LADDER
Sep 15 19:59:36 [info ] pvpgn::bnetd::LadderList::loadBinary: successfully loaded var\ladders/STAR_AG_LADDER
Sep 15 19:59:36 [info ] pvpgn::bnetd::LadderList::loadBinary: successfully loaded var\ladders/STAR_CG_LADDER
Sep 15 19:59:36 [info ] pvpgn::bnetd::LadderList::loadBinary: successfully loaded var\ladders/W2BN_AR_LADDER
Sep 15 19:59:36 [info ] pvpgn::bnetd::LadderList::loadBinary: successfully loaded var\ladders/W2BN_CR_LADDER
Sep 15 19:59:36 [info ] pvpgn::bnetd::LadderList::loadBinary: successfully loaded var\ladders/W2BN_AW_LADDER
Sep 15 19:59:36 [info ] pvpgn::bnetd::LadderList::loadBinary: successfully loaded var\ladders/W2BN_CW_LADDER
Sep 15 19:59:36 [info ] pvpgn::bnetd::LadderList::loadBinary: successfully loaded var\ladders/W2BN_AG_LADDER
Sep 15 19:59:36 [info ] pvpgn::bnetd::LadderList::loadBinary: successfully loaded var\ladders/W2BN_CG_LADDER
Sep 15 19:59:36 [info ] pvpgn::bnetd::LadderList::loadBinary: successfully loaded var\ladders/W2BN_ARI_LADDER
Sep 15 19:59:36 [info ] pvpgn::bnetd::LadderList::loadBinary: successfully loaded var\ladders/W2BN_CRI_LADDER
Sep 15 19:59:36 [info ] pvpgn::bnetd::LadderList::loadBinary: successfully loaded var\ladders/W2BN_AWI_LADDER
Sep 15 19:59:36 [info ] pvpgn::bnetd::LadderList::loadBinary: successfully loaded var\ladders/W2BN_CWI_LADDER
Sep 15 19:59:36 [info ] pvpgn::bnetd::LadderList::loadBinary: successfully loaded var\ladders/W2BN_AGI_LADDER
Sep 15 19:59:36 [info ] pvpgn::bnetd::LadderList::loadBinary: successfully loaded var\ladders/W2BN_CGI_LADDER
Sep 15 19:59:36 [info ] pvpgn::bnetd::LadderList::loadBinary: successfully loaded var\ladders/RAL2_SOLO_LADDER
Sep 15 19:59:36 [info ] pvpgn::bnetd::LadderList::loadBinary: successfully loaded var\ladders/TSUN_SOLO_LADDER
Sep 15 19:59:36 [info ] pvpgn::bnetd::LadderList::loadBinary: successfully loaded var\ladders/TSXP_SOLO_LADDER
Sep 15 19:59:36 [info ] pvpgn::bnetd::LadderList::loadBinary: successfully loaded var\ladders/W3XP_SOLO_LADDER
Sep 15 19:59:36 [info ] pvpgn::bnetd::LadderList::loadBinary: successfully loaded var\ladders/WAR3_SOLO_LADDER
Sep 15 19:59:36 [info ] pvpgn::bnetd::LadderList::loadBinary: successfully loaded var\ladders/YURI_SOLO_LADDER
Sep 15 19:59:36 [info ] pvpgn::bnetd::LadderList::loadBinary: successfully loaded var\ladders/W3XP_TEAM_LADDER
Sep 15 19:59:36 [info ] pvpgn::bnetd::LadderList::loadBinary: successfully loaded var\ladders/WAR3_TEAM_LADDER
Sep 15 19:59:36 [info ] pvpgn::bnetd::LadderList::loadBinary: successfully loaded var\ladders/W3XP_FFA_LADDER
Sep 15 19:59:36 [info ] pvpgn::bnetd::LadderList::loadBinary: successfully loaded var\ladders/WAR3_FFA_LADDER
Sep 15 19:59:36 [info ] pvpgn::bnetd::LadderList::loadBinary: successfully loaded var\ladders/W3XP_AT_LADDER
Sep 15 19:59:36 [info ] pvpgn::bnetd::LadderList::loadBinary: successfully loaded var\ladders/WAR3_AT_LADDER
Sep 15 19:59:36 [info ] pvpgn::bnetd::LadderList::saveBinary: successfully saved var\ladders/SEXP_AR_LADDER
Sep 15 19:59:36 [info ] pvpgn::bnetd::LadderList::saveBinary: successfully saved var\ladders/SEXP_CR_LADDER
Sep 15 19:59:36 [info ] pvpgn::bnetd::LadderList::saveBinary: successfully saved var\ladders/SEXP_AW_LADDER
Sep 15 19:59:36 [info ] pvpgn::bnetd::LadderList::saveBinary: successfully saved var\ladders/SEXP_CW_LADDER
Sep 15 19:59:36 [info ] pvpgn::bnetd::LadderList::saveBinary: successfully saved var\ladders/SEXP_AG_LADDER
Sep 15 19:59:36 [info ] pvpgn::bnetd::LadderList::saveBinary: successfully saved var\ladders/SEXP_CG_LADDER
Sep 15 19:59:36 [info ] pvpgn::bnetd::LadderList::saveBinary: successfully saved var\ladders/STAR_AR_LADDER
Sep 15 19:59:36 [info ] pvpgn::bnetd::LadderList::saveBinary: successfully saved var\ladders/STAR_CR_LADDER
Sep 15 19:59:36 [info ] pvpgn::bnetd::LadderList::saveBinary: successfully saved var\ladders/STAR_AW_LADDER
Sep 15 19:59:36 [info ] pvpgn::bnetd::LadderList::saveBinary: successfully saved var\ladders/STAR_CW_LADDER
Sep 15 19:59:36 [info ] pvpgn::bnetd::LadderList::saveBinary: successfully saved var\ladders/STAR_AG_LADDER
Sep 15 19:59:36 [info ] pvpgn::bnetd::LadderList::saveBinary: successfully saved var\ladders/STAR_CG_LADDER
Sep 15 19:59:36 [info ] pvpgn::bnetd::LadderList::saveBinary: successfully saved var\ladders/W2BN_AR_LADDER
Sep 15 19:59:36 [info ] pvpgn::bnetd::LadderList::saveBinary: successfully saved var\ladders/W2BN_CR_LADDER
Sep 15 19:59:36 [info ] pvpgn::bnetd::LadderList::saveBinary: successfully saved var\ladders/W2BN_AW_LADDER
Sep 15 19:59:36 [info ] pvpgn::bnetd::LadderList::saveBinary: successfully saved var\ladders/W2BN_CW_LADDER
Sep 15 19:59:36 [info ] pvpgn::bnetd::LadderList::saveBinary: successfully saved var\ladders/W2BN_AG_LADDER
Sep 15 19:59:36 [info ] pvpgn::bnetd::LadderList::saveBinary: successfully saved var\ladders/W2BN_CG_LADDER
Sep 15 19:59:36 [info ] pvpgn::bnetd::LadderList::saveBinary: successfully saved var\ladders/W2BN_ARI_LADDER
Sep 15 19:59:36 [info ] pvpgn::bnetd::LadderList::saveBinary: successfully saved var\ladders/W2BN_CRI_LADDER
Sep 15 19:59:36 [info ] pvpgn::bnetd::LadderList::saveBinary: successfully saved var\ladders/W2BN_AWI_LADDER
Sep 15 19:59:36 [info ] pvpgn::bnetd::LadderList::saveBinary: successfully saved var\ladders/W2BN_CWI_LADDER
Sep 15 19:59:36 [info ] pvpgn::bnetd::LadderList::saveBinary: successfully saved var\ladders/W2BN_AGI_LADDER
Sep 15 19:59:36 [info ] pvpgn::bnetd::LadderList::saveBinary: successfully saved var\ladders/W2BN_CGI_LADDER
Sep 15 19:59:36 [info ] pvpgn::bnetd::LadderList::saveBinary: successfully saved var\ladders/RAL2_SOLO_LADDER
Sep 15 19:59:36 [info ] pvpgn::bnetd::LadderList::saveBinary: successfully saved var\ladders/TSUN_SOLO_LADDER
Sep 15 19:59:36 [info ] pvpgn::bnetd::LadderList::saveBinary: successfully saved var\ladders/TSXP_SOLO_LADDER
Sep 15 19:59:36 [info ] pvpgn::bnetd::LadderList::saveBinary: successfully saved var\ladders/W3XP_SOLO_LADDER
Sep 15 19:59:36 [info ] pvpgn::bnetd::LadderList::saveBinary: successfully saved var\ladders/WAR3_SOLO_LADDER
Sep 15 19:59:36 [info ] pvpgn::bnetd::LadderList::saveBinary: successfully saved var\ladders/YURI_SOLO_LADDER
Sep 15 19:59:36 [info ] pvpgn::bnetd::LadderList::saveBinary: successfully saved var\ladders/W3XP_TEAM_LADDER
Sep 15 19:59:36 [info ] pvpgn::bnetd::LadderList::saveBinary: successfully saved var\ladders/WAR3_TEAM_LADDER
Sep 15 19:59:36 [info ] pvpgn::bnetd::LadderList::saveBinary: successfully saved var\ladders/W3XP_FFA_LADDER
Sep 15 19:59:36 [info ] pvpgn::bnetd::LadderList::saveBinary: successfully saved var\ladders/WAR3_FFA_LADDER
Sep 15 19:59:36 [info ] pvpgn::bnetd::LadderList::saveBinary: successfully saved var\ladders/W3XP_AT_LADDER
Sep 15 19:59:36 [info ] pvpgn::bnetd::LadderList::saveBinary: successfully saved var\ladders/WAR3_AT_LADDER
Sep 15 19:59:36 [info ] pvpgn::bnetd::aliasfile_load: done loading aliases
Sep 15 19:59:36 [info ] pvpgn::trans_load: trans file loaded
Sep 15 19:59:36 [info ] pvpgn::bnetd::anongame_infos_load: got langID: []
Sep 15 19:59:36 [info ] pvpgn::bnetd::anongame_infos_load: got langID: [deDE]
Sep 15 19:59:36 [info ] pvpgn::bnetd::anongame_infos_load: got langID: [zhCN]
Sep 15 19:59:36 [info ] pvpgn::bnetd::anongame_infos_load: got langID: [ruRU]
Sep 15 19:59:36 [info ] pvpgn::bnetd::_setup_listensock: listening for bnet connections on 0.0.0.0:6112 TCP
Sep 15 19:59:36 [info ] pvpgn::bnetd::_setup_listensock: listening for w3route connections on 0.0.0.0:6200 TCP
