The system is: Windows - 10.0.25290 - AMD64
Compiling the CXX compiler identification source file "CMakeCXXCompilerId.cpp" succeeded.
Compiler: C:/Program Files/Microsoft Visual Studio/2022/Community/VC/Tools/MSVC/14.36.32532/bin/Hostx86/x86/cl.exe 
Build flags: 
Id flags: 

The output was:
0
Оптимизирующий компилятор Microsoft (R) C/C++ версии 19.36.32537 для x86
(C) Корпорация Майкрософт (Microsoft Corporation).  Все права защищены.

CMakeCXXCompilerId.cpp
Microsoft (R) Incremental Linker Version 14.36.32537.0
Copyright (C) Microsoft Corporation.  All rights reserved.

/out:CMakeCXXCompilerId.exe 
CMakeCXXCompilerId.obj 


Compilation of the CXX compiler identification source "CMakeCXXCompilerId.cpp" produced "CMakeCXXCompilerId.exe"

Compilation of the CXX compiler identification source "CMakeCXXCompilerId.cpp" produced "CMakeCXXCompilerId.obj"

The CXX compiler identification is MSVC, found in "C:/Projects/pvpgn-magic/build/CMakeFiles/3.7.1/CompilerIdCXX/CMakeCXXCompilerId.exe"

Determining if the CXX compiler works passed with the following output:
Change Dir: C:/Projects/pvpgn-magic/build/CMakeFiles/CMakeTmp

Run Build Command:"nmake" "/NOLOGO" "cmTC_7391c\fast"
	"C:\Program Files\Microsoft Visual Studio\2022\Community\VC\Tools\MSVC\14.36.32532\bin\HostX86\x86\nmake.exe" -f CMakeFiles\cmTC_7391c.dir\build.make /nologo -L                  CMakeFiles\cmTC_7391c.dir\build
Building CXX object CMakeFiles/cmTC_7391c.dir/testCXXCompiler.cxx.obj
	C:\PROGRA~1\MICROS~1\2022\COMMUN~1\VC\Tools\MSVC\1436~1.325\bin\Hostx86\x86\cl.exe  @C:\Users\Karaulov\AppData\Local\Temp\nm1257.tmp
testCXXCompiler.cxx
Linking CXX executable cmTC_7391c.exe
	C:\Projects\pvpgn-magic\module\cmake\bin\cmake.exe -E vs_link_exe --intdir=CMakeFiles\cmTC_7391c.dir --manifests  -- C:\PROGRA~1\MICROS~1\2022\COMMUN~1\VC\Tools\MSVC\1436~1.325\bin\Hostx86\x86\link.exe /nologo @CMakeFiles\cmTC_7391c.dir\objects1.rsp @C:\Users\Karaulov\AppData\Local\Temp\nm13EF.tmp


Detecting CXX compiler ABI info compiled with the following output:
Change Dir: C:/Projects/pvpgn-magic/build/CMakeFiles/CMakeTmp

Run Build Command:"nmake" "/NOLOGO" "cmTC_c23fb\fast"
	"C:\Program Files\Microsoft Visual Studio\2022\Community\VC\Tools\MSVC\14.36.32532\bin\HostX86\x86\nmake.exe" -f CMakeFiles\cmTC_c23fb.dir\build.make /nologo -L                  CMakeFiles\cmTC_c23fb.dir\build
Building CXX object CMakeFiles/cmTC_c23fb.dir/CMakeCXXCompilerABI.cpp.obj
	C:\PROGRA~1\MICROS~1\2022\COMMUN~1\VC\Tools\MSVC\1436~1.325\bin\Hostx86\x86\cl.exe  @C:\Users\Karaulov\AppData\Local\Temp\nm199B.tmp
CMakeCXXCompilerABI.cpp
Linking CXX executable cmTC_c23fb.exe
	C:\Projects\pvpgn-magic\module\cmake\bin\cmake.exe -E vs_link_exe --intdir=CMakeFiles\cmTC_c23fb.dir --manifests  -- C:\PROGRA~1\MICROS~1\2022\COMMUN~1\VC\Tools\MSVC\1436~1.325\bin\Hostx86\x86\link.exe /nologo @CMakeFiles\cmTC_c23fb.dir\objects1.rsp @C:\Users\Karaulov\AppData\Local\Temp\nm1A38.tmp




Detecting CXX [] compiler features compiled with the following output:
Change Dir: C:/Projects/pvpgn-magic/build/CMakeFiles/CMakeTmp

Run Build Command:"nmake" "/NOLOGO" "cmTC_cf989\fast"
	"C:\Program Files\Microsoft Visual Studio\2022\Community\VC\Tools\MSVC\14.36.32532\bin\HostX86\x86\nmake.exe" -f CMakeFiles\cmTC_cf989.dir\build.make /nologo -L                  CMakeFiles\cmTC_cf989.dir\build
Building CXX object CMakeFiles/cmTC_cf989.dir/feature_tests.cxx.obj
	C:\PROGRA~1\MICROS~1\2022\COMMUN~1\VC\Tools\MSVC\1436~1.325\bin\Hostx86\x86\cl.exe  @C:\Users\Karaulov\AppData\Local\Temp\nm1D83.tmp
feature_tests.cxx
Linking CXX executable cmTC_cf989.exe
	C:\Projects\pvpgn-magic\module\cmake\bin\cmake.exe -E vs_link_exe --intdir=CMakeFiles\cmTC_cf989.dir --manifests  -- C:\PROGRA~1\MICROS~1\2022\COMMUN~1\VC\Tools\MSVC\1436~1.325\bin\Hostx86\x86\link.exe /nologo @CMakeFiles\cmTC_cf989.dir\objects1.rsp @C:\Users\Karaulov\AppData\Local\Temp\nm1E01.tmp


    Feature record: CXX_FEATURE:1cxx_aggregate_default_initializers
    Feature record: CXX_FEATURE:1cxx_alias_templates
    Feature record: CXX_FEATURE:1cxx_alignas
    Feature record: CXX_FEATURE:1cxx_alignof
    Feature record: CXX_FEATURE:1cxx_attributes
    Feature record: CXX_FEATURE:1cxx_attribute_deprecated
    Feature record: CXX_FEATURE:1cxx_auto_type
    Feature record: CXX_FEATURE:1cxx_binary_literals
    Feature record: CXX_FEATURE:1cxx_constexpr
    Feature record: CXX_FEATURE:1cxx_contextual_conversions
    Feature record: CXX_FEATURE:1cxx_decltype
    Feature record: CXX_FEATURE:1cxx_decltype_auto
    Feature record: CXX_FEATURE:1cxx_default_function_template_args
    Feature record: CXX_FEATURE:1cxx_defaulted_functions
    Feature record: CXX_FEATURE:1cxx_defaulted_move_initializers
    Feature record: CXX_FEATURE:1cxx_delegating_constructors
    Feature record: CXX_FEATURE:1cxx_deleted_functions
    Feature record: CXX_FEATURE:1cxx_digit_separators
    Feature record: CXX_FEATURE:1cxx_enum_forward_declarations
    Feature record: CXX_FEATURE:1cxx_explicit_conversions
    Feature record: CXX_FEATURE:1cxx_extended_friend_declarations
    Feature record: CXX_FEATURE:1cxx_extern_templates
    Feature record: CXX_FEATURE:1cxx_final
    Feature record: CXX_FEATURE:1cxx_func_identifier
    Feature record: CXX_FEATURE:1cxx_generalized_initializers
    Feature record: CXX_FEATURE:1cxx_generic_lambdas
    Feature record: CXX_FEATURE:1cxx_inheriting_constructors
    Feature record: CXX_FEATURE:1cxx_inline_namespaces
    Feature record: CXX_FEATURE:1cxx_lambdas
    Feature record: CXX_FEATURE:1cxx_lambda_init_captures
    Feature record: CXX_FEATURE:1cxx_local_type_template_args
    Feature record: CXX_FEATURE:1cxx_long_long_type
    Feature record: CXX_FEATURE:1cxx_noexcept
    Feature record: CXX_FEATURE:1cxx_nonstatic_member_init
    Feature record: CXX_FEATURE:1cxx_nullptr
    Feature record: CXX_FEATURE:1cxx_override
    Feature record: CXX_FEATURE:1cxx_range_for
    Feature record: CXX_FEATURE:1cxx_raw_string_literals
    Feature record: CXX_FEATURE:1cxx_reference_qualified_functions
    Feature record: CXX_FEATURE:1cxx_return_type_deduction
    Feature record: CXX_FEATURE:1cxx_right_angle_brackets
    Feature record: CXX_FEATURE:1cxx_rvalue_references
    Feature record: CXX_FEATURE:1cxx_sizeof_member
    Feature record: CXX_FEATURE:1cxx_static_assert
    Feature record: CXX_FEATURE:1cxx_strong_enums
    Feature record: CXX_FEATURE:1cxx_template_template_parameters
    Feature record: CXX_FEATURE:1cxx_thread_local
    Feature record: CXX_FEATURE:1cxx_trailing_return_types
    Feature record: CXX_FEATURE:1cxx_unicode_literals
    Feature record: CXX_FEATURE:1cxx_uniform_initialization
    Feature record: CXX_FEATURE:1cxx_unrestricted_unions
    Feature record: CXX_FEATURE:1cxx_user_literals
    Feature record: CXX_FEATURE:1cxx_variable_templates
    Feature record: CXX_FEATURE:1cxx_variadic_macros
    Feature record: CXX_FEATURE:1cxx_variadic_templates
