[Sun May  7 16:42:49 2023] [GHOST] starting up
[Sun May  7 16:42:49 2023] [GHOST] using log method 1, logging is enabled and [ghost.log] will not be locked
[Sun May  7 16:42:49 2023] [GHOST] using Windows timer with resolution 1 milliseconds
[Sun May  7 16:42:49 2023] [GHOST] starting winsock
[Sun May  7 16:42:49 2023] [GHOST] setting process priority to "above normal"
[Sun May  7 16:42:49 2023] [UDPSOCKET] using default broadcast target
[Sun May  7 16:42:49 2023] [GHOST] opening primary database
[Sun May  7 16:42:49 2023] [SQLITE3] version 3.6.16
[Sun May  7 16:42:49 2023] [SQLITE3] opening database [ghost.dbs]
[Sun May  7 16:42:49 2023] [SQLITE3] found schema number [8]
[Sun May  7 16:42:49 2023] [GHOST] opening secondary (local) database
[Sun May  7 16:42:49 2023] [SQLITE3] version 3.6.16
[Sun May  7 16:42:49 2023] [SQLITE3] opening database [ghost.dbs]
[Sun May  7 16:42:49 2023] [SQLITE3] found schema number [8]
[Sun May  7 16:42:49 2023] [GHOST] attempting to find local IP addresses
[Sun May  7 16:42:49 2023] [GHOST] local IP address #1 is [127.0.0.1]
[Sun May  7 16:42:49 2023] [GHOST] local IP address #2 is [192.168.1.2]
[Sun May  7 16:42:49 2023] [GHOST] acting as Warcraft III: The Frozen Throne
[Sun May  7 16:42:49 2023] [CONFIG] loading file [language.cfg]
[Sun May  7 16:42:49 2023] [GHOST] missing bnet_username, skipping this battle.net connection
[Sun May  7 16:42:49 2023] [GHOST] warning - no battle.net connections found in config file
[Sun May  7 16:42:49 2023] [GHOST] ExtractScripts
[Sun May  7 16:42:49 2023] [GHOST] warning - unable to load MPQ file [C:\Program Files\Warcraft III\War3Patch.mpq] - error code 3
[Sun May  7 16:42:49 2023] [GHOST] adding ".cfg" to default map -> new default is [dota88_5x5.cfg]
[Sun May  7 16:42:49 2023] [GHOST] MapCFG.Read
[Sun May  7 16:42:49 2023] [CONFIG] loading file [mapcfgs\dota88_5x5.cfg]
[Sun May  7 16:42:49 2023] [UTIL] warning - unable to read file [maps\DotA Allstars 6.88u6.w3x]
[Sun May  7 16:42:49 2023] [MAP] warning - unable to load MPQ file [maps\DotA Allstars 6.88u6.w3x]
[Sun May  7 16:42:49 2023] [MAP] no map data available, using config file for map_size, map_info, map_crc, map_sha1
[Sun May  7 16:42:49 2023] [MAP] no map data available, using config file for map_options, map_width, map_height, map_slot<x>, map_numplayers, map_numteams
[Sun May  7 16:42:49 2023] [MAP] invalid map_size detected
[Sun May  7 16:42:49 2023] [MAP] invalid map_info detected
[Sun May  7 16:42:49 2023] [MAP] invalid map_crc detected
[Sun May  7 16:42:49 2023] [MAP] invalid map_sha1 detected
[Sun May  7 16:42:49 2023] [MAP] invalid map_width detected
[Sun May  7 16:42:49 2023] [MAP] invalid map_height detected
[Sun May  7 16:42:49 2023] [GHOST] using hardcoded admin game map
[Sun May  7 16:42:49 2023] [MAP] using hardcoded Emerald Gardens map data for Warcraft 3 version 1.24 & 1.24b
[Sun May  7 16:42:49 2023] [GHOST] started loading [ip-to-country.csv]
[Sun May  7 16:42:49 2023] [GHOST] iptocountry data: 10% loaded
[Sun May  7 16:42:49 2023] [GHOST] iptocountry data: 20% loaded
[Sun May  7 16:42:49 2023] [GHOST] iptocountry data: 30% loaded
[Sun May  7 16:42:50 2023] [GHOST] iptocountry data: 40% loaded
[Sun May  7 16:42:50 2023] [GHOST] iptocountry data: 50% loaded
[Sun May  7 16:42:50 2023] [GHOST] iptocountry data: 60% loaded
[Sun May  7 16:42:50 2023] [GHOST] iptocountry data: 70% loaded
[Sun May  7 16:42:50 2023] [GHOST] iptocountry data: 80% loaded
[Sun May  7 16:42:50 2023] [GHOST] iptocountry data: 90% loaded
[Sun May  7 16:42:51 2023] [GHOST] iptocountry data: 100% loaded
[Sun May  7 16:42:51 2023] [GHOST] finished loading [ip-to-country.csv]
[Sun May  7 16:42:51 2023] [GHOST] warning - no battle.net connections found and no admin game created
[Sun May  7 16:42:51 2023] [GHOST] GHost++ Version 17.1 (with MySQL support)
