c:\projects\war3\war3_my_platforms2\pvpgn_server[one_for_two_clients]\vs-project\src\common\common.dir\release\network.obj
c:\projects\war3\war3_my_platforms2\pvpgn_server[one_for_two_clients]\vs-project\src\common\common.dir\release\list.obj
c:\projects\war3\war3_my_platforms2\pvpgn_server[one_for_two_clients]\vs-project\src\common\common.dir\release\hexdump.obj
c:\projects\war3\war3_my_platforms2\pvpgn_server[one_for_two_clients]\vs-project\src\common\common.dir\release\hashtable.obj
c:\projects\war3\war3_my_platforms2\pvpgn_server[one_for_two_clients]\vs-project\src\common\common.dir\release\give_up_root_privileges.obj
c:\projects\war3\war3_my_platforms2\pvpgn_server[one_for_two_clients]\vs-project\src\common\common.dir\release\fdwbackend.obj
c:\projects\war3\war3_my_platforms2\pvpgn_server[one_for_two_clients]\vs-project\src\common\common.dir\release\fdwatch_select.obj
c:\projects\war3\war3_my_platforms2\pvpgn_server[one_for_two_clients]\vs-project\src\common\common.dir\release\fdwatch_poll.obj
c:\projects\war3\war3_my_platforms2\pvpgn_server[one_for_two_clients]\vs-project\src\common\common.dir\release\fdwatch_kqueue.obj
c:\projects\war3\war3_my_platforms2\pvpgn_server[one_for_two_clients]\vs-project\src\common\common.dir\release\fdwatch_epoll.obj
c:\projects\war3\war3_my_platforms2\pvpgn_server[one_for_two_clients]\vs-project\src\common\common.dir\release\fdwatch.obj
c:\projects\war3\war3_my_platforms2\pvpgn_server[one_for_two_clients]\vs-project\src\common\common.dir\release\eventlog.obj
c:\projects\war3\war3_my_platforms2\pvpgn_server[one_for_two_clients]\vs-project\src\common\common.dir\release\d2char_checksum.obj
c:\projects\war3\war3_my_platforms2\pvpgn_server[one_for_two_clients]\vs-project\src\common\common.dir\release\conf.obj
c:\projects\war3\war3_my_platforms2\pvpgn_server[one_for_two_clients]\vs-project\src\common\common.dir\release\bn_type.obj
c:\projects\war3\war3_my_platforms2\pvpgn_server[one_for_two_clients]\vs-project\src\common\common.dir\release\bnettime.obj
c:\projects\war3\war3_my_platforms2\pvpgn_server[one_for_two_clients]\vs-project\src\common\common.dir\release\bnethash.obj
c:\projects\war3\war3_my_platforms2\pvpgn_server[one_for_two_clients]\vs-project\src\common\common.dir\release\bnethashconv.obj
c:\projects\war3\war3_my_platforms2\pvpgn_server[one_for_two_clients]\vs-project\src\common\common.dir\release\asnprintf.obj
c:\projects\war3\war3_my_platforms2\pvpgn_server[one_for_two_clients]\vs-project\src\common\common.dir\release\addr.obj
c:\projects\war3\war3_my_platforms2\pvpgn_server[one_for_two_clients]\vs-project\src\common\common.dir\release\pugixml.obj
c:\projects\war3\war3_my_platforms2\pvpgn_server[one_for_two_clients]\vs-project\src\common\common.dir\release\peerchat.obj
c:\projects\war3\war3_my_platforms2\pvpgn_server[one_for_two_clients]\vs-project\src\common\common.dir\release\bnetsrp3.obj
c:\projects\war3\war3_my_platforms2\pvpgn_server[one_for_two_clients]\vs-project\src\common\common.dir\release\bigint.obj
c:\projects\war3\war3_my_platforms2\pvpgn_server[one_for_two_clients]\vs-project\src\common\common.dir\release\gui_printf.obj
c:\projects\war3\war3_my_platforms2\pvpgn_server[one_for_two_clients]\vs-project\src\common\common.dir\release\xstring.obj
c:\projects\war3\war3_my_platforms2\pvpgn_server[one_for_two_clients]\vs-project\src\common\common.dir\release\xstr.obj
c:\projects\war3\war3_my_platforms2\pvpgn_server[one_for_two_clients]\vs-project\src\common\common.dir\release\xalloc.obj
c:\projects\war3\war3_my_platforms2\pvpgn_server[one_for_two_clients]\vs-project\src\common\common.dir\release\wolhash.obj
c:\projects\war3\war3_my_platforms2\pvpgn_server[one_for_two_clients]\vs-project\src\common\common.dir\release\util.obj
c:\projects\war3\war3_my_platforms2\pvpgn_server[one_for_two_clients]\vs-project\src\common\common.dir\release\trans.obj
c:\projects\war3\war3_my_platforms2\pvpgn_server[one_for_two_clients]\vs-project\src\common\common.dir\release\token.obj
c:\projects\war3\war3_my_platforms2\pvpgn_server[one_for_two_clients]\vs-project\src\common\common.dir\release\tag.obj
c:\projects\war3\war3_my_platforms2\pvpgn_server[one_for_two_clients]\vs-project\src\common\common.dir\release\systemerror.obj
c:\projects\war3\war3_my_platforms2\pvpgn_server[one_for_two_clients]\vs-project\src\common\common.dir\release\rlimit.obj
c:\projects\war3\war3_my_platforms2\pvpgn_server[one_for_two_clients]\vs-project\src\common\common.dir\release\rcm.obj
c:\projects\war3\war3_my_platforms2\pvpgn_server[one_for_two_clients]\vs-project\src\common\common.dir\release\queue.obj
c:\projects\war3\war3_my_platforms2\pvpgn_server[one_for_two_clients]\vs-project\src\common\common.dir\release\proginfo.obj
c:\projects\war3\war3_my_platforms2\pvpgn_server[one_for_two_clients]\vs-project\src\common\common.dir\release\packet.obj
c:\projects\war3\war3_my_platforms2\pvpgn_server[one_for_two_clients]\vs-project\src\vs-project\src\common\release\common.lib
c:\projects\war3\war3_my_platforms2\pvpgn_server[one_for_two_clients]\vs-project\src\common\common.dir\release\common.tlog\cl.command.1.tlog
c:\projects\war3\war3_my_platforms2\pvpgn_server[one_for_two_clients]\vs-project\src\common\common.dir\release\common.tlog\cl.items.tlog
c:\projects\war3\war3_my_platforms2\pvpgn_server[one_for_two_clients]\vs-project\src\common\common.dir\release\common.tlog\cl.read.1.tlog
c:\projects\war3\war3_my_platforms2\pvpgn_server[one_for_two_clients]\vs-project\src\common\common.dir\release\common.tlog\cl.write.1.tlog
c:\projects\war3\war3_my_platforms2\pvpgn_server[one_for_two_clients]\vs-project\src\common\common.dir\release\common.tlog\lib-link.read.1.tlog
c:\projects\war3\war3_my_platforms2\pvpgn_server[one_for_two_clients]\vs-project\src\common\common.dir\release\common.tlog\lib-link.write.1.tlog
c:\projects\war3\war3_my_platforms2\pvpgn_server[one_for_two_clients]\vs-project\src\common\common.dir\release\common.tlog\lib.command.1.tlog
