  addr.cpp
C:\Projects\pvpgn-magic\source\src\common\addr.cpp(141,8): warning C4996: 'gethostbyname': Use getaddrinfo() or GetAddrInfoW() instead or define _WINSOCK_DEPRECATED_NO_WARNINGS to disable deprecated API warnings
  asnprintf.cpp
  bnethashconv.cpp
  bnethash.cpp
C:\Projects\pvpgn-magic\source\src\common\bnethash.cpp(62,18): warning C4146: применение унарного минуса к типу без знака; результат оставлен без знака
  bnettime.cpp
  bn_type.cpp
C:\Projects\pvpgn-magic\source\src\common\bn_type.cpp(54,26): warning C4146: применение унарного минуса к типу без знака; результат оставлен без знака
  conf.cpp
  d2char_checksum.cpp
  eventlog.cpp
  fdwatch.cpp
C:\Projects\pvpgn-magic\source\src\common\fdwatch.cpp(142,22): warning C4018: >=: несоответствие типов со знаком и без знака
C:\Projects\pvpgn-magic\source\src\common\fdwatch.cpp(166,22): warning C4018: >=: несоответствие типов со знаком и без знака
  fdwatch_epoll.cpp
  fdwatch_kqueue.cpp
  fdwatch_poll.cpp
  fdwatch_select.cpp
  fdwbackend.cpp
  give_up_root_privileges.cpp
  hashtable.cpp
  hexdump.cpp
  list.cpp
  network.cpp
  Создание кода...
  Компиляция...
  packet.cpp
C:\Projects\pvpgn-magic\source\src\common\packet.cpp(550,5): warning C4065: оператор switch содержит метку "default", но не содержит ни одной метки "case"
C:\Projects\pvpgn-magic\source\src\common\packet.cpp(797,5): warning C4065: оператор switch содержит метку "default", но не содержит ни одной метки "case"
  proginfo.cpp
  queue.cpp
  rcm.cpp
  rlimit.cpp
  systemerror.cpp
  tag.cpp
  token.cpp
  trans.cpp
  util.cpp
  wolhash.cpp
  xalloc.cpp
  xstr.cpp
  xstring.cpp
  gui_printf.cpp
  bigint.cpp
  bnetsrp3.cpp
  peerchat.cpp
  format.cc
  pugixml.cpp
  Создание кода...
  common.vcxproj -> C:\Projects\pvpgn-magic\build\src\common\Release\common.lib
