c:\projects\war3\war3_my_platforms2\pvpgn_server\vs-project\src\bnetd\bnetd.dir\release\connection.obj
c:\projects\war3\war3_my_platforms2\pvpgn_server\vs-project\src\bnetd\bnetd.dir\release\server.obj
c:\projects\war3\war3_my_platforms2\pvpgn_server\vs-project\src\bnetd\bnetd.dir\release\handle_udp.obj
c:\projects\war3\war3_my_platforms2\pvpgn_server\vs-project\src\bnetd\bnetd.dir\release\handle_bnet.obj
c:\projects\war3\war3_my_platforms2\pvpgn_server\vs-project\src\bnetd\bnetd.dir\release\account_wrap.obj
c:\projects\war3\war3_my_platforms2\pvpgn_server\vs-project\src\bnetd\bnetd.dir\release\handle_init.obj
c:\projects\war3\war3_my_platforms2\pvpgn_server\vs-project\src\bnetd\bnetd.dir\release\handle_wserv.obj
c:\projects\war3\war3_my_platforms2\pvpgn_server\vs-project\src\bnetd\bnetd.dir\release\ladder_calc.obj
c:\projects\war3\war3_my_platforms2\pvpgn_server\vs-project\src\bnetd\bnetd.dir\release\sql_common.obj
c:\projects\war3\war3_my_platforms2\pvpgn_server\vs-project\src\bnetd\bnetd.dir\release\timer.obj
c:\projects\war3\war3_my_platforms2\pvpgn_server\vs-project\src\bnetd\bnetd.dir\release\anongame_wol.obj
c:\projects\war3\war3_my_platforms2\pvpgn_server\vs-project\src\bnetd\bnetd.dir\release\character.obj
c:\projects\war3\war3_my_platforms2\pvpgn_server\vs-project\src\bnetd\bnetd.dir\release\game_conv.obj
c:\projects\war3\war3_my_platforms2\pvpgn_server\vs-project\src\bnetd\bnetd.dir\release\handle_d2cs.obj
c:\projects\war3\war3_my_platforms2\pvpgn_server\vs-project\src\bnetd\bnetd.dir\release\handle_wol.obj
c:\projects\war3\war3_my_platforms2\pvpgn_server\vs-project\src\bnetd\bnetd.dir\release\ladder.obj
c:\projects\war3\war3_my_platforms2\pvpgn_server\vs-project\src\bnetd\bnetd.dir\release\account_email_verification.obj
c:\projects\war3\war3_my_platforms2\pvpgn_server\vs-project\src\bnetd\bnetd.dir\release\file.obj
c:\projects\war3\war3_my_platforms2\pvpgn_server\vs-project\src\bnetd\bnetd.dir\release\handle_bot.obj
c:\projects\war3\war3_my_platforms2\pvpgn_server\vs-project\src\bnetd\bnetd.dir\release\handle_telnet.obj
c:\projects\war3\war3_my_platforms2\pvpgn_server\vs-project\src\bnetd\bnetd.dir\release\i18n.obj
c:\projects\war3\war3_my_platforms2\pvpgn_server\vs-project\src\bnetd\bnetd.dir\release\news.obj
c:\projects\war3\war3_my_platforms2\pvpgn_server\vs-project\src\bnetd\bnetd.dir\release\storage_file.obj
c:\projects\war3\war3_my_platforms2\pvpgn_server\vs-project\src\bnetd\bnetd.dir\release\account.obj
c:\projects\war3\war3_my_platforms2\pvpgn_server\vs-project\src\bnetd\bnetd.dir\release\channel.obj
c:\projects\war3\war3_my_platforms2\pvpgn_server\vs-project\src\bnetd\bnetd.dir\release\handle_apireg.obj
c:\projects\war3\war3_my_platforms2\pvpgn_server\vs-project\src\bnetd\bnetd.dir\release\helpfile.obj
c:\projects\war3\war3_my_platforms2\pvpgn_server\vs-project\src\bnetd\bnetd.dir\release\main.obj
c:\projects\war3\war3_my_platforms2\pvpgn_server\vs-project\src\bnetd\bnetd.dir\release\tournament.obj
c:\projects\war3\war3_my_platforms2\pvpgn_server\vs-project\src\bnetd\bnetd.dir\release\adbanner.obj
c:\projects\war3\war3_my_platforms2\pvpgn_server\vs-project\src\bnetd\bnetd.dir\release\game.obj
c:\projects\war3\war3_my_platforms2\pvpgn_server\vs-project\src\bnetd\bnetd.dir\release\handle_file.obj
c:\projects\war3\war3_my_platforms2\pvpgn_server\vs-project\src\bnetd\bnetd.dir\release\irc.obj
c:\projects\war3\war3_my_platforms2\pvpgn_server\vs-project\src\bnetd\bnetd.dir\release\realm.obj
c:\projects\war3\war3_my_platforms2\pvpgn_server\vs-project\src\bnetd\bnetd.dir\release\alias_command.obj
c:\projects\war3\war3_my_platforms2\pvpgn_server\vs-project\src\bnetd\bnetd.dir\release\channel_conv.obj
c:\projects\war3\war3_my_platforms2\pvpgn_server\vs-project\src\bnetd\bnetd.dir\release\friends.obj
c:\projects\war3\war3_my_platforms2\pvpgn_server\vs-project\src\bnetd\bnetd.dir\release\handle_anongame.obj
c:\projects\war3\war3_my_platforms2\pvpgn_server\vs-project\src\bnetd\bnetd.dir\release\handle_irc_common.obj
c:\projects\war3\war3_my_platforms2\pvpgn_server\vs-project\src\bnetd\bnetd.dir\release\icons.obj
c:\projects\war3\war3_my_platforms2\pvpgn_server\vs-project\src\bnetd\bnetd.dir\release\message.obj
c:\projects\war3\war3_my_platforms2\pvpgn_server\vs-project\src\bnetd\bnetd.dir\release\anongame.obj
c:\projects\war3\war3_my_platforms2\pvpgn_server\vs-project\src\bnetd\bnetd.dir\release\command.obj
c:\projects\war3\war3_my_platforms2\pvpgn_server\vs-project\src\bnetd\bnetd.dir\release\handle_wol_gameres.obj
c:\projects\war3\war3_my_platforms2\pvpgn_server\vs-project\src\bnetd\bnetd.dir\release\mail.obj
c:\projects\war3\war3_my_platforms2\pvpgn_server\vs-project\src\bnetd\bnetd.dir\release\storage_sql.obj
c:\projects\war3\war3_my_platforms2\pvpgn_server\vs-project\src\bnetd\bnetd.dir\release\attrgroup.obj
c:\projects\war3\war3_my_platforms2\pvpgn_server\vs-project\src\bnetd\bnetd.dir\release\clan.obj
c:\projects\war3\war3_my_platforms2\pvpgn_server\vs-project\src\bnetd\bnetd.dir\release\handle_irc.obj
c:\projects\war3\war3_my_platforms2\pvpgn_server\vs-project\src\bnetd\bnetd.dir\release\ipban.obj
c:\projects\war3\war3_my_platforms2\pvpgn_server\vs-project\src\bnetd\bnetd.dir\release\output.obj
c:\projects\war3\war3_my_platforms2\pvpgn_server\vs-project\src\bnetd\bnetd.dir\release\team.obj
c:\projects\war3\war3_my_platforms2\pvpgn_server\vs-project\src\bnetd\bnetd.dir\release\update_dota_stats.obj
c:\projects\war3\war3_my_platforms2\pvpgn_server\vs-project\src\bnetd\bnetd.dir\release\userlog.obj
c:\projects\war3\war3_my_platforms2\pvpgn_server\vs-project\src\bnetd\bnetd.dir\release\tracker.obj
c:\projects\war3\war3_my_platforms2\pvpgn_server\vs-project\src\bnetd\bnetd.dir\release\watch.obj
c:\projects\war3\war3_my_platforms2\pvpgn_server\vs-project\src\bnetd\bnetd.dir\release\topic.obj
c:\projects\war3\war3_my_platforms2\pvpgn_server\vs-project\src\bnetd\bnetd.dir\release\udptest_send.obj
c:\projects\war3\war3_my_platforms2\pvpgn_server\vs-project\src\bnetd\bnetd.dir\release\ftpclient.obj
c:\projects\war3\war3_my_platforms2\pvpgn_server\vs-project\src\bnetd\bnetd.dir\release\blockingsocket.obj
c:\projects\war3\war3_my_platforms2\pvpgn_server\vs-project\src\bnetd\bnetd.dir\release\sql_odbc.obj
c:\projects\war3\war3_my_platforms2\pvpgn_server\vs-project\src\bnetd\bnetd.dir\release\sql_pgsql.obj
c:\projects\war3\war3_my_platforms2\pvpgn_server\vs-project\src\bnetd\bnetd.dir\release\sql_sqlite3.obj
c:\projects\war3\war3_my_platforms2\pvpgn_server\vs-project\src\bnetd\bnetd.dir\release\luafunctions.obj
c:\projects\war3\war3_my_platforms2\pvpgn_server\vs-project\src\bnetd\bnetd.dir\release\luainterface.obj
c:\projects\war3\war3_my_platforms2\pvpgn_server\vs-project\src\bnetd\bnetd.dir\release\luaobjects.obj
c:\projects\war3\war3_my_platforms2\pvpgn_server\vs-project\src\bnetd\bnetd.dir\release\ftpfilestatus.obj
c:\projects\war3\war3_my_platforms2\pvpgn_server\vs-project\src\bnetd\bnetd.dir\release\winmain.obj
c:\projects\war3\war3_my_platforms2\pvpgn_server\vs-project\src\bnetd\bnetd.dir\release\ftplistparse.obj
c:\projects\war3\war3_my_platforms2\pvpgn_server\vs-project\src\bnetd\bnetd.dir\release\luawrapper.obj
c:\projects\war3\war3_my_platforms2\pvpgn_server\vs-project\src\bnetd\bnetd.dir\release\ftpdatatypes.obj
c:\projects\war3\war3_my_platforms2\pvpgn_server\vs-project\src\bnetd\bnetd.dir\release\ini.obj
c:\projects\war3\war3_my_platforms2\pvpgn_server\vs-project\src\bnetd\bnetd.dir\release\bcrypt.obj
c:\projects\war3\war3_my_platforms2\pvpgn_server\vs-project\src\bnetd\bnetd.dir\release\windump.obj
c:\projects\war3\war3_my_platforms2\pvpgn_server\vs-project\src\bnetd\bnetd.dir\release\smtp.obj
c:\projects\war3\war3_my_platforms2\pvpgn_server\vs-project\src\bnetd\bnetd.dir\release\anongame_gameresult.obj
c:\projects\war3\war3_my_platforms2\pvpgn_server\vs-project\src\bnetd\bnetd.dir\release\anongame_infos.obj
c:\projects\war3\war3_my_platforms2\pvpgn_server\vs-project\src\bnetd\bnetd.dir\release\anongame_maplists.obj
c:\projects\war3\war3_my_platforms2\pvpgn_server\vs-project\src\bnetd\bnetd.dir\release\attrlayer.obj
c:\projects\war3\war3_my_platforms2\pvpgn_server\vs-project\src\bnetd\bnetd.dir\release\autoupdate.obj
c:\projects\war3\war3_my_platforms2\pvpgn_server\vs-project\src\bnetd\bnetd.dir\release\cmdline.obj
c:\projects\war3\war3_my_platforms2\pvpgn_server\vs-project\src\bnetd\bnetd.dir\release\command_groups.obj
c:\projects\war3\war3_my_platforms2\pvpgn_server\vs-project\src\bnetd\bnetd.dir\release\file_cdb.obj
c:\projects\war3\war3_my_platforms2\pvpgn_server\vs-project\src\bnetd\bnetd.dir\release\file_plain.obj
c:\projects\war3\war3_my_platforms2\pvpgn_server\vs-project\src\bnetd\bnetd.dir\release\prefs.obj
c:\projects\war3\war3_my_platforms2\pvpgn_server\vs-project\src\bnetd\bnetd.dir\release\runprog.obj
c:\projects\war3\war3_my_platforms2\pvpgn_server\vs-project\src\bnetd\bnetd.dir\release\sql_dbcreator.obj
c:\projects\war3\war3_my_platforms2\pvpgn_server\vs-project\src\bnetd\bnetd.dir\release\sql_mysql.obj
c:\projects\war3\war3_my_platforms2\pvpgn_server\vs-project\src\bnetd\bnetd.dir\release\storage.obj
c:\projects\war3\war3_my_platforms2\pvpgn_server\vs-project\src\bnetd\bnetd.dir\release\support.obj
c:\projects\war3\war3_my_platforms2\pvpgn_server\vs-project\src\bnetd\bnetd.dir\release\tick.obj
c:\projects\war3\war3_my_platforms2\pvpgn_server\release\bnetd.exe
c:\projects\war3\war3_my_platforms2\pvpgn_server\vs-project\src\release\bnetd.pdb
c:\projects\war3\war3_my_platforms2\pvpgn_server\vs-project\src\bnetd\bnetd.dir\release\versioncheck.obj
c:\projects\war3\war3_my_platforms2\pvpgn_server\vs-project\src\bnetd\bnetd.dir\release\vc143.idb
c:\projects\war3\war3_my_platforms2\pvpgn_server\vs-project\src\bnetd\bnetd.dir\release\vc143.pdb
c:\projects\war3\war3_my_platforms2\pvpgn_server\vs-project\src\bnetd\bnetd.dir\release\.\..\..\..\release\bnetd.pdb
c:\projects\war3\war3_my_platforms2\pvpgn_server\vs-project\src\bnetd\bnetd.dir\release\bnetd.tlog\cl.command.1.tlog
c:\projects\war3\war3_my_platforms2\pvpgn_server\vs-project\src\bnetd\bnetd.dir\release\bnetd.tlog\cl.items.tlog
c:\projects\war3\war3_my_platforms2\pvpgn_server\vs-project\src\bnetd\bnetd.dir\release\bnetd.tlog\cl.read.1.tlog
c:\projects\war3\war3_my_platforms2\pvpgn_server\vs-project\src\bnetd\bnetd.dir\release\bnetd.tlog\cl.write.1.tlog
c:\projects\war3\war3_my_platforms2\pvpgn_server\vs-project\src\bnetd\bnetd.dir\release\bnetd.tlog\link.command.1.tlog
c:\projects\war3\war3_my_platforms2\pvpgn_server\vs-project\src\bnetd\bnetd.dir\release\bnetd.tlog\link.read.1.tlog
c:\projects\war3\war3_my_platforms2\pvpgn_server\vs-project\src\bnetd\bnetd.dir\release\bnetd.tlog\link.write.1.tlog
