c:\projects\war3\war3_my_platforms2\rebirth_client\client\warcisengine\release\memorymodule.obj
c:\projects\war3\war3_my_platforms2\rebirth_client\client\warcisengine\release\externalfunctions.obj
c:\projects\war3\war3_my_platforms2\rebirth_client\client\warcisengine\release\tlsaccess.obj
c:\projects\war3\war3_my_platforms2\rebirth_client\client\warcisengine\release\initialize.obj
c:\projects\war3\war3_my_platforms2\rebirth_client\client\warcisengine\release\autojoin.obj
c:\projects\war3\war3_my_platforms2\rebirth_client\client\warcisengine\release\antihack.obj
c:\projects\war3\war3_my_platforms2\rebirth_client\client\warcisengine\release\warcraftframehelper.obj
c:\projects\war3\war3_my_platforms2\rebirth_client\client\warcisengine\release\storm.obj
c:\projects\war3\war3_my_platforms2\rebirth_client[done_90%]\client\release\war3.lib
c:\projects\war3\war3_my_platforms2\rebirth_client[done_90%]\client\release\war3.exp
c:\projects\war3\war3_my_platforms2\rebirth_client\client\release\war3.lib
c:\projects\war3\war3_my_platforms2\rebirth_client\client\release\war3.exp
c:\projects\war3\war3_my_platforms2\rebirth_client\client\release\war3.dll
c:\projects\war3\war3_my_platforms2\rebirth_client\client\warcisengine\release\war3.iobj
c:\projects\war3\war3_my_platforms2\rebirth_client\client\release\war3.pdb
c:\projects\war3\war3_my_platforms2\rebirth_client\client\warcisengine\release\warcisengine.res
c:\projects\war3\war3_my_platforms2\rebirth_client\client\warcisengine\release\war3.tlog\cl.command.1.tlog
c:\projects\war3\war3_my_platforms2\rebirth_client\client\warcisengine\release\war3.tlog\cl.items.tlog
c:\projects\war3\war3_my_platforms2\rebirth_client\client\warcisengine\release\war3.tlog\cl.read.1.tlog
c:\projects\war3\war3_my_platforms2\rebirth_client\client\warcisengine\release\war3.tlog\cl.write.1.tlog
c:\projects\war3\war3_my_platforms2\rebirth_client\client\warcisengine\release\war3.tlog\link.command.1.tlog
c:\projects\war3\war3_my_platforms2\rebirth_client\client\warcisengine\release\war3.tlog\link.read.1.tlog
c:\projects\war3\war3_my_platforms2\rebirth_client\client\warcisengine\release\war3.tlog\link.write.1.tlog
c:\projects\war3\war3_my_platforms2\rebirth_client\client\warcisengine\release\war3.tlog\link.write.2u.tlog
c:\projects\war3\war3_my_platforms2\rebirth_client\client\warcisengine\release\war3.tlog\rc.command.1.tlog
c:\projects\war3\war3_my_platforms2\rebirth_client\client\warcisengine\release\war3.tlog\rc.read.1.tlog
c:\projects\war3\war3_my_platforms2\rebirth_client\client\warcisengine\release\war3.tlog\rc.write.1.tlog
