c:\projects\war3\war3_my_platforms2\pvpgn_server\vs-project\src\compat\compat.dir\release\uname.obj
c:\projects\war3\war3_my_platforms2\pvpgn_server\vs-project\src\compat\compat.dir\release\strsep.obj
c:\projects\war3\war3_my_platforms2\pvpgn_server\vs-project\src\compat\compat.dir\release\strncasecmp.obj
c:\projects\war3\war3_my_platforms2\pvpgn_server\vs-project\src\compat\compat.dir\release\strerror.obj
c:\projects\war3\war3_my_platforms2\pvpgn_server\vs-project\src\compat\compat.dir\release\strdup.obj
c:\projects\war3\war3_my_platforms2\pvpgn_server\vs-project\src\compat\compat.dir\release\strcasecmp.obj
c:\projects\war3\war3_my_platforms2\pvpgn_server\vs-project\src\compat\compat.dir\release\psock.obj
c:\projects\war3\war3_my_platforms2\pvpgn_server\vs-project\src\compat\compat.dir\release\pgetopt.obj
c:\projects\war3\war3_my_platforms2\pvpgn_server\vs-project\src\compat\compat.dir\release\mmap.obj
c:\projects\war3\war3_my_platforms2\pvpgn_server\vs-project\src\compat\compat.dir\release\localtime_s.obj
c:\projects\war3\war3_my_platforms2\pvpgn_server\vs-project\src\compat\compat.dir\release\gmtime_s.obj
c:\projects\war3\war3_my_platforms2\pvpgn_server\vs-project\src\compat\compat.dir\release\gettimeofday.obj
c:\projects\war3\war3_my_platforms2\pvpgn_server\vs-project\src\compat\compat.dir\release\pdir.obj
c:\projects\war3\war3_my_platforms2\pvpgn_server\vs-project\src\vs-project\src\compat\release\compat.lib
c:\projects\war3\war3_my_platforms2\pvpgn_server\vs-project\src\compat\compat.dir\release\compat.tlog\cl.command.1.tlog
c:\projects\war3\war3_my_platforms2\pvpgn_server\vs-project\src\compat\compat.dir\release\compat.tlog\cl.items.tlog
c:\projects\war3\war3_my_platforms2\pvpgn_server\vs-project\src\compat\compat.dir\release\compat.tlog\cl.read.1.tlog
c:\projects\war3\war3_my_platforms2\pvpgn_server\vs-project\src\compat\compat.dir\release\compat.tlog\cl.write.1.tlog
c:\projects\war3\war3_my_platforms2\pvpgn_server\vs-project\src\compat\compat.dir\release\compat.tlog\lib-link.read.1.tlog
c:\projects\war3\war3_my_platforms2\pvpgn_server\vs-project\src\compat\compat.dir\release\compat.tlog\lib-link.write.1.tlog
c:\projects\war3\war3_my_platforms2\pvpgn_server\vs-project\src\compat\compat.dir\release\compat.tlog\lib.command.1.tlog
